<?xml version="1.0" encoding="UTF-8"?>
<!-- Generated by org.testng.reporters.JUnitXMLReporter -->
<testsuite ignored="0" hostname="DESKTOP-9H86UB9" failures="0" tests="3" name="Default test" time="61.514" errors="0" timestamp="2023-03-20T15:27:57 GST">
  <testcase classname="com.obsqura.pomodel.LoginPageTest" name="loginFunction" time="59.708"/>
  <testcase classname="com.obsqura.pomodel.LoginPageTest" name="homePageFunction" time="0.296"/>
  <testcase classname="com.obsqura.pomodel.LoginPageTest" name="bikeLtPageFunction" time="1.448"/>
</testsuite> <!-- Default test -->
