<?xml version="1.0" encoding="UTF-8"?>
<!-- Generated by org.testng.reporters.JUnitXMLReporter -->
<testsuite ignored="0" hostname="DESKTOP-9H86UB9" failures="1" tests="6" name="SmokeTest" time="265.436" errors="0" timestamp="2023-03-20T16:01:09 GST">
  <testcase classname="com.POS.Testcases.VerifyHomePageTest" name="validateElementsDisplay" time="11.073"/>
  <testcase classname="com.POS.Testcases.VerifyHomePageTest" name="validateLanguageSelection" time="6.494"/>
  <testcase classname="com.POS.Testcases.VerifyHomePageTest" name="validateMenuDisplay" time="4.464"/>
  <testcase classname="com.POS.Testcases.VerifyHomePageTest" name="validateMenuClick" time="17.185">
    <skipped/>
  </testcase> <!-- validateMenuClick -->
  <testcase classname="com.POS.Testcases.VerifyHomePageTest" name="validateMenuClick" time="13.051">
    <skipped/>
  </testcase> <!-- validateMenuClick -->
  <testcase classname="com.POS.Testcases.VerifyHomePageTest" name="validateMenuClick" time="18.352">
    <failure type="java.lang.StackOverflowError">
      <![CDATA[java.lang.StackOverflowError
at com.POS.PageObjects.Store.tableStore(Store.java:81)
at com.POS.PageObjects.Store.tableStore(Store.java:81)
at com.POS.PageObjects.Store.tableStore(Store.java:81)
at com.POS.PageObjects.Store.tableStore(Store.java:81)
at com.POS.PageObjects.Store.tableStore(Store.java:81)
at com.POS.PageObjects.Store.tableStore(Store.java:81)
at com.POS.PageObjects.Store.tableStore(Store.java:81)
at com.POS.PageObjects.Store.tableStore(Store.java:81)
at com.POS.PageObjects.Store.tableStore(Store.java:81)
at com.POS.PageObjects.Store.tableStore(Store.java:81)
at com.POS.PageObjects.Store.tableStore(Store.java:81)
at com.POS.PageObjects.Store.tableStore(Store.java:81)
at com.POS.PageObjects.Store.tableStore(Store.java:81)
at com.POS.PageObjects.Store.tableStore(Store.java:81)
at com.POS.PageObjects.Store.tableStore(Store.java:81)
at com.POS.PageObjects.Store.tableStore(Store.java:81)
at com.POS.PageObjects.Store.tableStore(Store.java:81)
at com.POS.PageObjects.Store.tableStore(Store.java:81)
at com.POS.PageObjects.Store.tableStore(Store.java:81)
at com.POS.PageObjects.Store.tableStore(Store.java:81)
at com.POS.PageObjects.Store.tableStore(Store.java:81)
at com.POS.PageObjects.Store.tableStore(Store.java:81)
at com.POS.PageObjects.Store.tableStore(Store.java:81)
at com.POS.PageObjects.Store.tableStore(Store.java:81)
at com.POS.PageObjects.Store.tableStore(Store.java:81)
at com.POS.PageObjects.Store.tableStore(Store.java:81)
at com.POS.PageObjects.Store.tableStore(Store.java:81)
at com.POS.PageObjects.Store.tableStore(Store.java:81)
at com.POS.PageObjects.Store.tableStore(Store.java:81)
at com.POS.PageObjects.Store.tableStore(Store.java:81)
at com.POS.PageObjects.Store.tableStore(Store.java:81)
at com.POS.PageObjects.Store.tableStore(Store.java:81)
at com.POS.PageObjects.Store.tableStore(Store.java:81)
at com.POS.PageObjects.Store.tableStore(Store.java:81)
at com.POS.PageObjects.Store.tableStore(Store.java:81)
at com.POS.PageObjects.Store.tableStore(Store.java:81)
at com.POS.PageObjects.Store.tableStore(Store.java:81)
at com.POS.PageObjects.Store.tableStore(Store.java:81)
at com.POS.PageObjects.Store.tableStore(Store.java:81)
at com.POS.PageObjects.Store.tableStore(Store.java:81)
at com.POS.PageObjects.Store.tableStore(Store.java:81)
at com.POS.PageObjects.Store.tableStore(Store.java:81)
at com.POS.PageObjects.Store.tableStore(Store.java:81)
at com.POS.PageObjects.Store.tableStore(Store.java:81)
at com.POS.PageObjects.Store.tableStore(Store.java:81)
at com.POS.PageObjects.Store.tableStore(Store.java:81)
at com.POS.PageObjects.Store.tableStore(Store.java:81)
at com.POS.PageObjects.Store.tableStore(Store.java:81)
at com.POS.PageObjects.Store.tableStore(Store.java:81)
at com.POS.PageObjects.Store.tableStore(Store.java:81)
at com.POS.PageObjects.Store.tableStore(Store.java:81)
at com.POS.PageObjects.Store.tableStore(Store.java:81)
at com.POS.PageObjects.Store.tableStore(Store.java:81)
at com.POS.PageObjects.Store.tableStore(Store.java:81)
at com.POS.PageObjects.Store.tableStore(Store.java:81)
at com.POS.PageObjects.Store.tableStore(Store.java:81)
at com.POS.PageObjects.Store.tableStore(Store.java:81)
at com.POS.PageObjects.Store.tableStore(Store.java:81)
at com.POS.PageObjects.Store.tableStore(Store.java:81)
at com.POS.PageObjects.Store.tableStore(Store.java:81)
at com.POS.PageObjects.Store.tableStore(Store.java:81)
at com.POS.PageObjects.Store.tableStore(Store.java:81)
at com.POS.PageObjects.Store.tableStore(Store.java:81)
at com.POS.PageObjects.Store.tableStore(Store.java:81)
at com.POS.PageObjects.Store.tableStore(Store.java:81)
at com.POS.PageObjects.Store.tableStore(Store.java:81)
at com.POS.PageObjects.Store.tableStore(Store.java:81)
at com.POS.PageObjects.Store.tableStore(Store.java:81)
at com.POS.PageObjects.Store.tableStore(Store.java:81)
at com.POS.PageObjects.Store.tableStore(Store.java:81)
at com.POS.PageObjects.Store.tableStore(Store.java:81)
at com.POS.PageObjects.Store.tableStore(Store.java:81)
at com.POS.PageObjects.Store.tableStore(Store.java:81)
at com.POS.PageObjects.Store.tableStore(Store.java:81)
at com.POS.PageObjects.Store.tableStore(Store.java:81)
at com.POS.PageObjects.Store.tableStore(Store.java:81)
at com.POS.PageObjects.Store.tableStore(Store.java:81)
at com.POS.PageObjects.Store.tableStore(Store.java:81)
at com.POS.PageObjects.Store.tableStore(Store.java:81)
at com.POS.PageObjects.Store.tableStore(Store.java:81)
at com.POS.PageObjects.Store.tableStore(Store.java:81)
at com.POS.PageObjects.Store.tableStore(Store.java:81)
at com.POS.PageObjects.Store.tableStore(Store.java:81)
at com.POS.PageObjects.Store.tableStore(Store.java:81)
at com.POS.PageObjects.Store.tableStore(Store.java:81)
at com.POS.PageObjects.Store.tableStore(Store.java:81)
at com.POS.PageObjects.Store.tableStore(Store.java:81)
at com.POS.PageObjects.Store.tableStore(Store.java:81)
at com.POS.PageObjects.Store.tableStore(Store.java:81)
at com.POS.PageObjects.Store.tableStore(Store.java:81)
at com.POS.PageObjects.Store.tableStore(Store.java:81)
at com.POS.PageObjects.Store.tableStore(Store.java:81)
at com.POS.PageObjects.Store.tableStore(Store.java:81)
at com.POS.PageObjects.Store.tableStore(Store.java:81)
at com.POS.PageObjects.Store.tableStore(Store.java:81)
at com.POS.PageObjects.Store.tableStore(Store.java:81)
at com.POS.PageObjects.Store.tableStore(Store.java:81)
at com.POS.PageObjects.Store.tableStore(Store.java:81)
at com.POS.PageObjects.Store.tableStore(Store.java:81)
at com.POS.PageObjects.Store.tableStore(Store.java:81)
at com.POS.PageObjects.Store.tableStore(Store.java:81)
at com.POS.PageObjects.Store.tableStore(Store.java:81)
at com.POS.PageObjects.Store.tableStore(Store.java:81)
at com.POS.PageObjects.Store.tableStore(Store.java:81)
at com.POS.PageObjects.Store.tableStore(Store.java:81)
at com.POS.PageObjects.Store.tableStore(Store.java:81)
at com.POS.PageObjects.Store.tableStore(Store.java:81)
at com.POS.PageObjects.Store.tableStore(Store.java:81)
at com.POS.PageObjects.Store.tableStore(Store.java:81)
at com.POS.PageObjects.Store.tableStore(Store.java:81)
at com.POS.PageObjects.Store.tableStore(Store.java:81)
at com.POS.PageObjects.Store.tableStore(Store.java:81)
at com.POS.PageObjects.Store.tableStore(Store.java:81)
at com.POS.PageObjects.Store.tableStore(Store.java:81)
at com.POS.PageObjects.Store.tableStore(Store.java:81)
at com.POS.PageObjects.Store.tableStore(Store.java:81)
at com.POS.PageObjects.Store.tableStore(Store.java:81)
at com.POS.PageObjects.Store.tableStore(Store.java:81)
at com.POS.PageObjects.Store.tableStore(Store.java:81)
at com.POS.PageObjects.Store.tableStore(Store.java:81)
at com.POS.PageObjects.Store.tableStore(Store.java:81)
at com.POS.PageObjects.Store.tableStore(Store.java:81)
at com.POS.PageObjects.Store.tableStore(Store.java:81)
at com.POS.PageObjects.Store.tableStore(Store.java:81)
at com.POS.PageObjects.Store.tableStore(Store.java:81)
at com.POS.PageObjects.Store.tableStore(Store.java:81)
at com.POS.PageObjects.Store.tableStore(Store.java:81)
at com.POS.PageObjects.Store.tableStore(Store.java:81)
at com.POS.PageObjects.Store.tableStore(Store.java:81)
at com.POS.PageObjects.Store.tableStore(Store.java:81)
at com.POS.PageObjects.Store.tableStore(Store.java:81)
at com.POS.PageObjects.Store.tableStore(Store.java:81)
at com.POS.PageObjects.Store.tableStore(Store.java:81)
at com.POS.PageObjects.Store.tableStore(Store.java:81)
at com.POS.PageObjects.Store.tableStore(Store.java:81)
at com.POS.PageObjects.Store.tableStore(Store.java:81)
at com.POS.PageObjects.Store.tableStore(Store.java:81)
at com.POS.PageObjects.Store.tableStore(Store.java:81)
at com.POS.PageObjects.Store.tableStore(Store.java:81)
at com.POS.PageObjects.Store.tableStore(Store.java:81)
at com.POS.PageObjects.Store.tableStore(Store.java:81)
at com.POS.PageObjects.Store.tableStore(Store.java:81)
at com.POS.PageObjects.Store.tableStore(Store.java:81)
at com.POS.PageObjects.Store.tableStore(Store.java:81)
at com.POS.PageObjects.Store.tableStore(Store.java:81)
at com.POS.PageObjects.Store.tableStore(Store.java:81)
at com.POS.PageObjects.Store.tableStore(Store.java:81)
at com.POS.PageObjects.Store.tableStore(Store.java:81)
at com.POS.PageObjects.Store.tableStore(Store.java:81)
at com.POS.PageObjects.Store.tableStore(Store.java:81)
at com.POS.PageObjects.Store.tableStore(Store.java:81)
at com.POS.PageObjects.Store.tableStore(Store.java:81)
at com.POS.PageObjects.Store.tableStore(Store.java:81)
at com.POS.PageObjects.Store.tableStore(Store.java:81)
at com.POS.PageObjects.Store.tableStore(Store.java:81)
at com.POS.PageObjects.Store.tableStore(Store.java:81)
at com.POS.PageObjects.Store.tableStore(Store.java:81)
at com.POS.PageObjects.Store.tableStore(Store.java:81)
at com.POS.PageObjects.Store.tableStore(Store.java:81)
at com.POS.PageObjects.Store.tableStore(Store.java:81)
at com.POS.PageObjects.Store.tableStore(Store.java:81)
at com.POS.PageObjects.Store.tableStore(Store.java:81)
at com.POS.PageObjects.Store.tableStore(Store.java:81)
at com.POS.PageObjects.Store.tableStore(Store.java:81)
at com.POS.PageObjects.Store.tableStore(Store.java:81)
at com.POS.PageObjects.Store.tableStore(Store.java:81)
at com.POS.PageObjects.Store.tableStore(Store.java:81)
at com.POS.PageObjects.Store.tableStore(Store.java:81)
at com.POS.PageObjects.Store.tableStore(Store.java:81)
at com.POS.PageObjects.Store.tableStore(Store.java:81)
at com.POS.PageObjects.Store.tableStore(Store.java:81)
at com.POS.PageObjects.Store.tableStore(Store.java:81)
at com.POS.PageObjects.Store.tableStore(Store.java:81)
at com.POS.PageObjects.Store.tableStore(Store.java:81)
at com.POS.PageObjects.Store.tableStore(Store.java:81)
at com.POS.PageObjects.Store.tableStore(Store.java:81)
at com.POS.PageObjects.Store.tableStore(Store.java:81)
at com.POS.PageObjects.Store.tableStore(Store.java:81)
at com.POS.PageObjects.Store.tableStore(Store.java:81)
at com.POS.PageObjects.Store.tableStore(Store.java:81)
at com.POS.PageObjects.Store.tableStore(Store.java:81)
at com.POS.PageObjects.Store.tableStore(Store.java:81)
at com.POS.PageObjects.Store.tableStore(Store.java:81)
at com.POS.PageObjects.Store.tableStore(Store.java:81)
at com.POS.PageObjects.Store.tableStore(Store.java:81)
at com.POS.PageObjects.Store.tableStore(Store.java:81)
at com.POS.PageObjects.Store.tableStore(Store.java:81)
at com.POS.PageObjects.Store.tableStore(Store.java:81)
at com.POS.PageObjects.Store.tableStore(Store.java:81)
at com.POS.PageObjects.Store.tableStore(Store.java:81)
at com.POS.PageObjects.Store.tableStore(Store.java:81)
at com.POS.PageObjects.Store.tableStore(Store.java:81)
at com.POS.PageObjects.Store.tableStore(Store.java:81)
at com.POS.PageObjects.Store.tableStore(Store.java:81)
at com.POS.PageObjects.Store.tableStore(Store.java:81)
at com.POS.PageObjects.Store.tableStore(Store.java:81)
at com.POS.PageObjects.Store.tableStore(Store.java:81)
at com.POS.PageObjects.Store.tableStore(Store.java:81)
at com.POS.PageObjects.Store.tableStore(Store.java:81)
at com.POS.PageObjects.Store.tableStore(Store.java:81)
at com.POS.PageObjects.Store.tableStore(Store.java:81)
at com.POS.PageObjects.Store.tableStore(Store.java:81)
at com.POS.PageObjects.Store.tableStore(Store.java:81)
at com.POS.PageObjects.Store.tableStore(Store.java:81)
at com.POS.PageObjects.Store.tableStore(Store.java:81)
at com.POS.PageObjects.Store.tableStore(Store.java:81)
at com.POS.PageObjects.Store.tableStore(Store.java:81)
at com.POS.PageObjects.Store.tableStore(Store.java:81)
at com.POS.PageObjects.Store.tableStore(Store.java:81)
at com.POS.PageObjects.Store.tableStore(Store.java:81)
at com.POS.PageObjects.Store.tableStore(Store.java:81)
at com.POS.PageObjects.Store.tableStore(Store.java:81)
at com.POS.PageObjects.Store.tableStore(Store.java:81)
at com.POS.PageObjects.Store.tableStore(Store.java:81)
at com.POS.PageObjects.Store.tableStore(Store.java:81)
at com.POS.PageObjects.Store.tableStore(Store.java:81)
at com.POS.PageObjects.Store.tableStore(Store.java:81)
at com.POS.PageObjects.Store.tableStore(Store.java:81)
at com.POS.PageObjects.Store.tableStore(Store.java:81)
at com.POS.PageObjects.Store.tableStore(Store.java:81)
at com.POS.PageObjects.Store.tableStore(Store.java:81)
at com.POS.PageObjects.Store.tableStore(Store.java:81)
at com.POS.PageObjects.Store.tableStore(Store.java:81)
at com.POS.PageObjects.Store.tableStore(Store.java:81)
at com.POS.PageObjects.Store.tableStore(Store.java:81)
at com.POS.PageObjects.Store.tableStore(Store.java:81)
at com.POS.PageObjects.Store.tableStore(Store.java:81)
at com.POS.PageObjects.Store.tableStore(Store.java:81)
at com.POS.PageObjects.Store.tableStore(Store.java:81)
at com.POS.PageObjects.Store.tableStore(Store.java:81)
at com.POS.PageObjects.Store.tableStore(Store.java:81)
at com.POS.PageObjects.Store.tableStore(Store.java:81)
at com.POS.PageObjects.Store.tableStore(Store.java:81)
at com.POS.PageObjects.Store.tableStore(Store.java:81)
at com.POS.PageObjects.Store.tableStore(Store.java:81)
at com.POS.PageObjects.Store.tableStore(Store.java:81)
at com.POS.PageObjects.Store.tableStore(Store.java:81)
at com.POS.PageObjects.Store.tableStore(Store.java:81)
at com.POS.PageObjects.Store.tableStore(Store.java:81)
at com.POS.PageObjects.Store.tableStore(Store.java:81)
at com.POS.PageObjects.Store.tableStore(Store.java:81)
at com.POS.PageObjects.Store.tableStore(Store.java:81)
at com.POS.PageObjects.Store.tableStore(Store.java:81)
at com.POS.PageObjects.Store.tableStore(Store.java:81)
at com.POS.PageObjects.Store.tableStore(Store.java:81)
at com.POS.PageObjects.Store.tableStore(Store.java:81)
at com.POS.PageObjects.Store.tableStore(Store.java:81)
at com.POS.PageObjects.Store.tableStore(Store.java:81)
at com.POS.PageObjects.Store.tableStore(Store.java:81)
at com.POS.PageObjects.Store.tableStore(Store.java:81)
at com.POS.PageObjects.Store.tableStore(Store.java:81)
at com.POS.PageObjects.Store.tableStore(Store.java:81)
at com.POS.PageObjects.Store.tableStore(Store.java:81)
at com.POS.PageObjects.Store.tableStore(Store.java:81)
at com.POS.PageObjects.Store.tableStore(Store.java:81)
at com.POS.PageObjects.Store.tableStore(Store.java:81)
at com.POS.PageObjects.Store.tableStore(Store.java:81)
at com.POS.PageObjects.Store.tableStore(Store.java:81)
at com.POS.PageObjects.Store.tableStore(Store.java:81)
at com.POS.PageObjects.Store.tableStore(Store.java:81)
at com.POS.PageObjects.Store.tableStore(Store.java:81)
at com.POS.PageObjects.Store.tableStore(Store.java:81)
at com.POS.PageObjects.Store.tableStore(Store.java:81)
at com.POS.PageObjects.Store.tableStore(Store.java:81)
at com.POS.PageObjects.Store.tableStore(Store.java:81)
at com.POS.PageObjects.Store.tableStore(Store.java:81)
at com.POS.PageObjects.Store.tableStore(Store.java:81)
at com.POS.PageObjects.Store.tableStore(Store.java:81)
at com.POS.PageObjects.Store.tableStore(Store.java:81)
at com.POS.PageObjects.Store.tableStore(Store.java:81)
at com.POS.PageObjects.Store.tableStore(Store.java:81)
at com.POS.PageObjects.Store.tableStore(Store.java:81)
at com.POS.PageObjects.Store.tableStore(Store.java:81)
at com.POS.PageObjects.Store.tableStore(Store.java:81)
at com.POS.PageObjects.Store.tableStore(Store.java:81)
at com.POS.PageObjects.Store.tableStore(Store.java:81)
at com.POS.PageObjects.Store.tableStore(Store.java:81)
at com.POS.PageObjects.Store.tableStore(Store.java:81)
at com.POS.PageObjects.Store.tableStore(Store.java:81)
at com.POS.PageObjects.Store.tableStore(Store.java:81)
at com.POS.PageObjects.Store.tableStore(Store.java:81)
at com.POS.PageObjects.Store.tableStore(Store.java:81)
at com.POS.PageObjects.Store.tableStore(Store.java:81)
at com.POS.PageObjects.Store.tableStore(Store.java:81)
at com.POS.PageObjects.Store.tableStore(Store.java:81)
at com.POS.PageObjects.Store.tableStore(Store.java:81)
at com.POS.PageObjects.Store.tableStore(Store.java:81)
at com.POS.PageObjects.Store.tableStore(Store.java:81)
at com.POS.PageObjects.Store.tableStore(Store.java:81)
at com.POS.PageObjects.Store.tableStore(Store.java:81)
at com.POS.PageObjects.Store.tableStore(Store.java:81)
at com.POS.PageObjects.Store.tableStore(Store.java:81)
at com.POS.PageObjects.Store.tableStore(Store.java:81)
at com.POS.PageObjects.Store.tableStore(Store.java:81)
at com.POS.PageObjects.Store.tableStore(Store.java:81)
at com.POS.PageObjects.Store.tableStore(Store.java:81)
at com.POS.PageObjects.Store.tableStore(Store.java:81)
at com.POS.PageObjects.Store.tableStore(Store.java:81)
at com.POS.PageObjects.Store.tableStore(Store.java:81)
at com.POS.PageObjects.Store.tableStore(Store.java:81)
at com.POS.PageObjects.Store.tableStore(Store.java:81)
at com.POS.PageObjects.Store.tableStore(Store.java:81)
at com.POS.PageObjects.Store.tableStore(Store.java:81)
at com.POS.PageObjects.Store.tableStore(Store.java:81)
at com.POS.PageObjects.Store.tableStore(Store.java:81)
at com.POS.PageObjects.Store.tableStore(Store.java:81)
at com.POS.PageObjects.Store.tableStore(Store.java:81)
at com.POS.PageObjects.Store.tableStore(Store.java:81)
at com.POS.PageObjects.Store.tableStore(Store.java:81)
at com.POS.PageObjects.Store.tableStore(Store.java:81)
at com.POS.PageObjects.Store.tableStore(Store.java:81)
at com.POS.PageObjects.Store.tableStore(Store.java:81)
at com.POS.PageObjects.Store.tableStore(Store.java:81)
at com.POS.PageObjects.Store.tableStore(Store.java:81)
at com.POS.PageObjects.Store.tableStore(Store.java:81)
at com.POS.PageObjects.Store.tableStore(Store.java:81)
at com.POS.PageObjects.Store.tableStore(Store.java:81)
at com.POS.PageObjects.Store.tableStore(Store.java:81)
at com.POS.PageObjects.Store.tableStore(Store.java:81)
at com.POS.PageObjects.Store.tableStore(Store.java:81)
at com.POS.PageObjects.Store.tableStore(Store.java:81)
at com.POS.PageObjects.Store.tableStore(Store.java:81)
at com.POS.PageObjects.Store.tableStore(Store.java:81)
at com.POS.PageObjects.Store.tableStore(Store.java:81)
at com.POS.PageObjects.Store.tableStore(Store.java:81)
at com.POS.PageObjects.Store.tableStore(Store.java:81)
at com.POS.PageObjects.Store.tableStore(Store.java:81)
at com.POS.PageObjects.Store.tableStore(Store.java:81)
at com.POS.PageObjects.Store.tableStore(Store.java:81)
at com.POS.PageObjects.Store.tableStore(Store.java:81)
at com.POS.PageObjects.Store.tableStore(Store.java:81)
at com.POS.PageObjects.Store.tableStore(Store.java:81)
at com.POS.PageObjects.Store.tableStore(Store.java:81)
at com.POS.PageObjects.Store.tableStore(Store.java:81)
at com.POS.PageObjects.Store.tableStore(Store.java:81)
at com.POS.PageObjects.Store.tableStore(Store.java:81)
at com.POS.PageObjects.Store.tableStore(Store.java:81)
at com.POS.PageObjects.Store.tableStore(Store.java:81)
at com.POS.PageObjects.Store.tableStore(Store.java:81)
at com.POS.PageObjects.Store.tableStore(Store.java:81)
at com.POS.PageObjects.Store.tableStore(Store.java:81)
at com.POS.PageObjects.Store.tableStore(Store.java:81)
at com.POS.PageObjects.Store.tableStore(Store.java:81)
at com.POS.PageObjects.Store.tableStore(Store.java:81)
at com.POS.PageObjects.Store.tableStore(Store.java:81)
at com.POS.PageObjects.Store.tableStore(Store.java:81)
at com.POS.PageObjects.Store.tableStore(Store.java:81)
at com.POS.PageObjects.Store.tableStore(Store.java:81)
at com.POS.PageObjects.Store.tableStore(Store.java:81)
at com.POS.PageObjects.Store.tableStore(Store.java:81)
at com.POS.PageObjects.Store.tableStore(Store.java:81)
at com.POS.PageObjects.Store.tableStore(Store.java:81)
at com.POS.PageObjects.Store.tableStore(Store.java:81)
at com.POS.PageObjects.Store.tableStore(Store.java:81)
at com.POS.PageObjects.Store.tableStore(Store.java:81)
at com.POS.PageObjects.Store.tableStore(Store.java:81)
at com.POS.PageObjects.Store.tableStore(Store.java:81)
at com.POS.PageObjects.Store.tableStore(Store.java:81)
at com.POS.PageObjects.Store.tableStore(Store.java:81)
at com.POS.PageObjects.Store.tableStore(Store.java:81)
at com.POS.PageObjects.Store.tableStore(Store.java:81)
at com.POS.PageObjects.Store.tableStore(Store.java:81)
at com.POS.PageObjects.Store.tableStore(Store.java:81)
at com.POS.PageObjects.Store.tableStore(Store.java:81)
at com.POS.PageObjects.Store.tableStore(Store.java:81)
at com.POS.PageObjects.Store.tableStore(Store.java:81)
at com.POS.PageObjects.Store.tableStore(Store.java:81)
at com.POS.PageObjects.Store.tableStore(Store.java:81)
at com.POS.PageObjects.Store.tableStore(Store.java:81)
at com.POS.PageObjects.Store.tableStore(Store.java:81)
at com.POS.PageObjects.Store.tableStore(Store.java:81)
at com.POS.PageObjects.Store.tableStore(Store.java:81)
at com.POS.PageObjects.Store.tableStore(Store.java:81)
at com.POS.PageObjects.Store.tableStore(Store.java:81)
at com.POS.PageObjects.Store.tableStore(Store.java:81)
at com.POS.PageObjects.Store.tableStore(Store.java:81)
at com.POS.PageObjects.Store.tableStore(Store.java:81)
at com.POS.PageObjects.Store.tableStore(Store.java:81)
at com.POS.PageObjects.Store.tableStore(Store.java:81)
at com.POS.PageObjects.Store.tableStore(Store.java:81)
at com.POS.PageObjects.Store.tableStore(Store.java:81)
at com.POS.PageObjects.Store.tableStore(Store.java:81)
at com.POS.PageObjects.Store.tableStore(Store.java:81)
at com.POS.PageObjects.Store.tableStore(Store.java:81)
at com.POS.PageObjects.Store.tableStore(Store.java:81)
at com.POS.PageObjects.Store.tableStore(Store.java:81)
at com.POS.PageObjects.Store.tableStore(Store.java:81)
at com.POS.PageObjects.Store.tableStore(Store.java:81)
at com.POS.PageObjects.Store.tableStore(Store.java:81)
at com.POS.PageObjects.Store.tableStore(Store.java:81)
at com.POS.PageObjects.Store.tableStore(Store.java:81)
at com.POS.PageObjects.Store.tableStore(Store.java:81)
at com.POS.PageObjects.Store.tableStore(Store.java:81)
at com.POS.PageObjects.Store.tableStore(Store.java:81)
at com.POS.PageObjects.Store.tableStore(Store.java:81)
at com.POS.PageObjects.Store.tableStore(Store.java:81)
at com.POS.PageObjects.Store.tableStore(Store.java:81)
at com.POS.PageObjects.Store.tableStore(Store.java:81)
at com.POS.PageObjects.Store.tableStore(Store.java:81)
at com.POS.PageObjects.Store.tableStore(Store.java:81)
at com.POS.PageObjects.Store.tableStore(Store.java:81)
at com.POS.PageObjects.Store.tableStore(Store.java:81)
at com.POS.PageObjects.Store.tableStore(Store.java:81)
at com.POS.PageObjects.Store.tableStore(Store.java:81)
at com.POS.PageObjects.Store.tableStore(Store.java:81)
at com.POS.PageObjects.Store.tableStore(Store.java:81)
at com.POS.PageObjects.Store.tableStore(Store.java:81)
at com.POS.PageObjects.Store.tableStore(Store.java:81)
at com.POS.PageObjects.Store.tableStore(Store.java:81)
at com.POS.PageObjects.Store.tableStore(Store.java:81)
at com.POS.PageObjects.Store.tableStore(Store.java:81)
at com.POS.PageObjects.Store.tableStore(Store.java:81)
at com.POS.PageObjects.Store.tableStore(Store.java:81)
at com.POS.PageObjects.Store.tableStore(Store.java:81)
at com.POS.PageObjects.Store.tableStore(Store.java:81)
at com.POS.PageObjects.Store.tableStore(Store.java:81)
at com.POS.PageObjects.Store.tableStore(Store.java:81)
at com.POS.PageObjects.Store.tableStore(Store.java:81)
at com.POS.PageObjects.Store.tableStore(Store.java:81)
at com.POS.PageObjects.Store.tableStore(Store.java:81)
at com.POS.PageObjects.Store.tableStore(Store.java:81)
at com.POS.PageObjects.Store.tableStore(Store.java:81)
at com.POS.PageObjects.Store.tableStore(Store.java:81)
at com.POS.PageObjects.Store.tableStore(Store.java:81)
at com.POS.PageObjects.Store.tableStore(Store.java:81)
at com.POS.PageObjects.Store.tableStore(Store.java:81)
at com.POS.PageObjects.Store.tableStore(Store.java:81)
at com.POS.PageObjects.Store.tableStore(Store.java:81)
at com.POS.PageObjects.Store.tableStore(Store.java:81)
at com.POS.PageObjects.Store.tableStore(Store.java:81)
at com.POS.PageObjects.Store.tableStore(Store.java:81)
at com.POS.PageObjects.Store.tableStore(Store.java:81)
at com.POS.PageObjects.Store.tableStore(Store.java:81)
at com.POS.PageObjects.Store.tableStore(Store.java:81)
at com.POS.PageObjects.Store.tableStore(Store.java:81)
at com.POS.PageObjects.Store.tableStore(Store.java:81)
at com.POS.PageObjects.Store.tableStore(Store.java:81)
at com.POS.PageObjects.Store.tableStore(Store.java:81)
at com.POS.PageObjects.Store.tableStore(Store.java:81)
at com.POS.PageObjects.Store.tableStore(Store.java:81)
at com.POS.PageObjects.Store.tableStore(Store.java:81)
at com.POS.PageObjects.Store.tableStore(Store.java:81)
at com.POS.PageObjects.Store.tableStore(Store.java:81)
at com.POS.PageObjects.Store.tableStore(Store.java:81)
at com.POS.PageObjects.Store.tableStore(Store.java:81)
at com.POS.PageObjects.Store.tableStore(Store.java:81)
at com.POS.PageObjects.Store.tableStore(Store.java:81)
at com.POS.PageObjects.Store.tableStore(Store.java:81)
at com.POS.PageObjects.Store.tableStore(Store.java:81)
at com.POS.PageObjects.Store.tableStore(Store.java:81)
at com.POS.PageObjects.Store.tableStore(Store.java:81)
at com.POS.PageObjects.Store.tableStore(Store.java:81)
at com.POS.PageObjects.Store.tableStore(Store.java:81)
at com.POS.PageObjects.Store.tableStore(Store.java:81)
at com.POS.PageObjects.Store.tableStore(Store.java:81)
at com.POS.PageObjects.Store.tableStore(Store.java:81)
at com.POS.PageObjects.Store.tableStore(Store.java:81)
at com.POS.PageObjects.Store.tableStore(Store.java:81)
at com.POS.PageObjects.Store.tableStore(Store.java:81)
at com.POS.PageObjects.Store.tableStore(Store.java:81)
at com.POS.PageObjects.Store.tableStore(Store.java:81)
at com.POS.PageObjects.Store.tableStore(Store.java:81)
at com.POS.PageObjects.Store.tableStore(Store.java:81)
at com.POS.PageObjects.Store.tableStore(Store.java:81)
at com.POS.PageObjects.Store.tableStore(Store.java:81)
at com.POS.PageObjects.Store.tableStore(Store.java:81)
at com.POS.PageObjects.Store.tableStore(Store.java:81)
at com.POS.PageObjects.Store.tableStore(Store.java:81)
at com.POS.PageObjects.Store.tableStore(Store.java:81)
at com.POS.PageObjects.Store.tableStore(Store.java:81)
at com.POS.PageObjects.Store.tableStore(Store.java:81)
at com.POS.PageObjects.Store.tableStore(Store.java:81)
at com.POS.PageObjects.Store.tableStore(Store.java:81)
at com.POS.PageObjects.Store.tableStore(Store.java:81)
at com.POS.PageObjects.Store.tableStore(Store.java:81)
at com.POS.PageObjects.Store.tableStore(Store.java:81)
at com.POS.PageObjects.Store.tableStore(Store.java:81)
at com.POS.PageObjects.Store.tableStore(Store.java:81)
at com.POS.PageObjects.Store.tableStore(Store.java:81)
at com.POS.PageObjects.Store.tableStore(Store.java:81)
at com.POS.PageObjects.Store.tableStore(Store.java:81)
at com.POS.PageObjects.Store.tableStore(Store.java:81)
at com.POS.PageObjects.Store.tableStore(Store.java:81)
at com.POS.PageObjects.Store.tableStore(Store.java:81)
at com.POS.PageObjects.Store.tableStore(Store.java:81)
at com.POS.PageObjects.Store.tableStore(Store.java:81)
at com.POS.PageObjects.Store.tableStore(Store.java:81)
at com.POS.PageObjects.Store.tableStore(Store.java:81)
at com.POS.PageObjects.Store.tableStore(Store.java:81)
at com.POS.PageObjects.Store.tableStore(Store.java:81)
at com.POS.PageObjects.Store.tableStore(Store.java:81)
at com.POS.PageObjects.Store.tableStore(Store.java:81)
at com.POS.PageObjects.Store.tableStore(Store.java:81)
at com.POS.PageObjects.Store.tableStore(Store.java:81)
at com.POS.PageObjects.Store.tableStore(Store.java:81)
at com.POS.PageObjects.Store.tableStore(Store.java:81)
at com.POS.PageObjects.Store.tableStore(Store.java:81)
at com.POS.PageObjects.Store.tableStore(Store.java:81)
at com.POS.PageObjects.Store.tableStore(Store.java:81)
at com.POS.PageObjects.Store.tableStore(Store.java:81)
at com.POS.PageObjects.Store.tableStore(Store.java:81)
at com.POS.PageObjects.Store.tableStore(Store.java:81)
at com.POS.PageObjects.Store.tableStore(Store.java:81)
at com.POS.PageObjects.Store.tableStore(Store.java:81)
at com.POS.PageObjects.Store.tableStore(Store.java:81)
at com.POS.PageObjects.Store.tableStore(Store.java:81)
at com.POS.PageObjects.Store.tableStore(Store.java:81)
at com.POS.PageObjects.Store.tableStore(Store.java:81)
at com.POS.PageObjects.Store.tableStore(Store.java:81)
at com.POS.PageObjects.Store.tableStore(Store.java:81)
at com.POS.PageObjects.Store.tableStore(Store.java:81)
at com.POS.PageObjects.Store.tableStore(Store.java:81)
at com.POS.PageObjects.Store.tableStore(Store.java:81)
at com.POS.PageObjects.Store.tableStore(Store.java:81)
at com.POS.PageObjects.Store.tableStore(Store.java:81)
at com.POS.PageObjects.Store.tableStore(Store.java:81)
at com.POS.PageObjects.Store.tableStore(Store.java:81)
at com.POS.PageObjects.Store.tableStore(Store.java:81)
at com.POS.PageObjects.Store.tableStore(Store.java:81)
at com.POS.PageObjects.Store.tableStore(Store.java:81)
at com.POS.PageObjects.Store.tableStore(Store.java:81)
at com.POS.PageObjects.Store.tableStore(Store.java:81)
at com.POS.PageObjects.Store.tableStore(Store.java:81)
at com.POS.PageObjects.Store.tableStore(Store.java:81)
at com.POS.PageObjects.Store.tableStore(Store.java:81)
at com.POS.PageObjects.Store.tableStore(Store.java:81)
at com.POS.PageObjects.Store.tableStore(Store.java:81)
at com.POS.PageObjects.Store.tableStore(Store.java:81)
at com.POS.PageObjects.Store.tableStore(Store.java:81)
at com.POS.PageObjects.Store.tableStore(Store.java:81)
at com.POS.PageObjects.Store.tableStore(Store.java:81)
at com.POS.PageObjects.Store.tableStore(Store.java:81)
at com.POS.PageObjects.Store.tableStore(Store.java:81)
at com.POS.PageObjects.Store.tableStore(Store.java:81)
at com.POS.PageObjects.Store.tableStore(Store.java:81)
at com.POS.PageObjects.Store.tableStore(Store.java:81)
at com.POS.PageObjects.Store.tableStore(Store.java:81)
at com.POS.PageObjects.Store.tableStore(Store.java:81)
at com.POS.PageObjects.Store.tableStore(Store.java:81)
at com.POS.PageObjects.Store.tableStore(Store.java:81)
at com.POS.PageObjects.Store.tableStore(Store.java:81)
at com.POS.PageObjects.Store.tableStore(Store.java:81)
at com.POS.PageObjects.Store.tableStore(Store.java:81)
at com.POS.PageObjects.Store.tableStore(Store.java:81)
at com.POS.PageObjects.Store.tableStore(Store.java:81)
at com.POS.PageObjects.Store.tableStore(Store.java:81)
at com.POS.PageObjects.Store.tableStore(Store.java:81)
at com.POS.PageObjects.Store.tableStore(Store.java:81)
at com.POS.PageObjects.Store.tableStore(Store.java:81)
at com.POS.PageObjects.Store.tableStore(Store.java:81)
at com.POS.PageObjects.Store.tableStore(Store.java:81)
at com.POS.PageObjects.Store.tableStore(Store.java:81)
at com.POS.PageObjects.Store.tableStore(Store.java:81)
at com.POS.PageObjects.Store.tableStore(Store.java:81)
at com.POS.PageObjects.Store.tableStore(Store.java:81)
at com.POS.PageObjects.Store.tableStore(Store.java:81)
at com.POS.PageObjects.Store.tableStore(Store.java:81)
at com.POS.PageObjects.Store.tableStore(Store.java:81)
at com.POS.PageObjects.Store.tableStore(Store.java:81)
at com.POS.PageObjects.Store.tableStore(Store.java:81)
at com.POS.PageObjects.Store.tableStore(Store.java:81)
at com.POS.PageObjects.Store.tableStore(Store.java:81)
at com.POS.PageObjects.Store.tableStore(Store.java:81)
at com.POS.PageObjects.Store.tableStore(Store.java:81)
at com.POS.PageObjects.Store.tableStore(Store.java:81)
at com.POS.PageObjects.Store.tableStore(Store.java:81)
at com.POS.PageObjects.Store.tableStore(Store.java:81)
at com.POS.PageObjects.Store.tableStore(Store.java:81)
at com.POS.PageObjects.Store.tableStore(Store.java:81)
at com.POS.PageObjects.Store.tableStore(Store.java:81)
at com.POS.PageObjects.Store.tableStore(Store.java:81)
at com.POS.PageObjects.Store.tableStore(Store.java:81)
at com.POS.PageObjects.Store.tableStore(Store.java:81)
at com.POS.PageObjects.Store.tableStore(Store.java:81)
at com.POS.PageObjects.Store.tableStore(Store.java:81)
at com.POS.PageObjects.Store.tableStore(Store.java:81)
at com.POS.PageObjects.Store.tableStore(Store.java:81)
at com.POS.PageObjects.Store.tableStore(Store.java:81)
at com.POS.PageObjects.Store.tableStore(Store.java:81)
at com.POS.PageObjects.Store.tableStore(Store.java:81)
at com.POS.PageObjects.Store.tableStore(Store.java:81)
at com.POS.PageObjects.Store.tableStore(Store.java:81)
at com.POS.PageObjects.Store.tableStore(Store.java:81)
at com.POS.PageObjects.Store.tableStore(Store.java:81)
at com.POS.PageObjects.Store.tableStore(Store.java:81)
at com.POS.PageObjects.Store.tableStore(Store.java:81)
at com.POS.PageObjects.Store.tableStore(Store.java:81)
at com.POS.PageObjects.Store.tableStore(Store.java:81)
at com.POS.PageObjects.Store.tableStore(Store.java:81)
at com.POS.PageObjects.Store.tableStore(Store.java:81)
at com.POS.PageObjects.Store.tableStore(Store.java:81)
at com.POS.PageObjects.Store.tableStore(Store.java:81)
at com.POS.PageObjects.Store.tableStore(Store.java:81)
at com.POS.PageObjects.Store.tableStore(Store.java:81)
at com.POS.PageObjects.Store.tableStore(Store.java:81)
at com.POS.PageObjects.Store.tableStore(Store.java:81)
at com.POS.PageObjects.Store.tableStore(Store.java:81)
at com.POS.PageObjects.Store.tableStore(Store.java:81)
at com.POS.PageObjects.Store.tableStore(Store.java:81)
at com.POS.PageObjects.Store.tableStore(Store.java:81)
at com.POS.PageObjects.Store.tableStore(Store.java:81)
at com.POS.PageObjects.Store.tableStore(Store.java:81)
at com.POS.PageObjects.Store.tableStore(Store.java:81)
at com.POS.PageObjects.Store.tableStore(Store.java:81)
at com.POS.PageObjects.Store.tableStore(Store.java:81)
at com.POS.PageObjects.Store.tableStore(Store.java:81)
at com.POS.PageObjects.Store.tableStore(Store.java:81)
at com.POS.PageObjects.Store.tableStore(Store.java:81)
at com.POS.PageObjects.Store.tableStore(Store.java:81)
at com.POS.PageObjects.Store.tableStore(Store.java:81)
at com.POS.PageObjects.Store.tableStore(Store.java:81)
at com.POS.PageObjects.Store.tableStore(Store.java:81)
at com.POS.PageObjects.Store.tableStore(Store.java:81)
at com.POS.PageObjects.Store.tableStore(Store.java:81)
at com.POS.PageObjects.Store.tableStore(Store.java:81)
at com.POS.PageObjects.Store.tableStore(Store.java:81)
at com.POS.PageObjects.Store.tableStore(Store.java:81)
at com.POS.PageObjects.Store.tableStore(Store.java:81)
at com.POS.PageObjects.Store.tableStore(Store.java:81)
at com.POS.PageObjects.Store.tableStore(Store.java:81)
at com.POS.PageObjects.Store.tableStore(Store.java:81)
at com.POS.PageObjects.Store.tableStore(Store.java:81)
at com.POS.PageObjects.Store.tableStore(Store.java:81)
at com.POS.PageObjects.Store.tableStore(Store.java:81)
at com.POS.PageObjects.Store.tableStore(Store.java:81)
at com.POS.PageObjects.Store.tableStore(Store.java:81)
at com.POS.PageObjects.Store.tableStore(Store.java:81)
at com.POS.PageObjects.Store.tableStore(Store.java:81)
at com.POS.PageObjects.Store.tableStore(Store.java:81)
at com.POS.PageObjects.Store.tableStore(Store.java:81)
at com.POS.PageObjects.Store.tableStore(Store.java:81)
at com.POS.PageObjects.Store.tableStore(Store.java:81)
at com.POS.PageObjects.Store.tableStore(Store.java:81)
at com.POS.PageObjects.Store.tableStore(Store.java:81)
at com.POS.PageObjects.Store.tableStore(Store.java:81)
at com.POS.PageObjects.Store.tableStore(Store.java:81)
at com.POS.PageObjects.Store.tableStore(Store.java:81)
at com.POS.PageObjects.Store.tableStore(Store.java:81)
at com.POS.PageObjects.Store.tableStore(Store.java:81)
at com.POS.PageObjects.Store.tableStore(Store.java:81)
at com.POS.PageObjects.Store.tableStore(Store.java:81)
at com.POS.PageObjects.Store.tableStore(Store.java:81)
at com.POS.PageObjects.Store.tableStore(Store.java:81)
at com.POS.PageObjects.Store.tableStore(Store.java:81)
at com.POS.PageObjects.Store.tableStore(Store.java:81)
at com.POS.PageObjects.Store.tableStore(Store.java:81)
at com.POS.PageObjects.Store.tableStore(Store.java:81)
at com.POS.PageObjects.Store.tableStore(Store.java:81)
at com.POS.PageObjects.Store.tableStore(Store.java:81)
at com.POS.PageObjects.Store.tableStore(Store.java:81)
at com.POS.PageObjects.Store.tableStore(Store.java:81)
at com.POS.PageObjects.Store.tableStore(Store.java:81)
at com.POS.PageObjects.Store.tableStore(Store.java:81)
at com.POS.PageObjects.Store.tableStore(Store.java:81)
at com.POS.PageObjects.Store.tableStore(Store.java:81)
at com.POS.PageObjects.Store.tableStore(Store.java:81)
at com.POS.PageObjects.Store.tableStore(Store.java:81)
at com.POS.PageObjects.Store.tableStore(Store.java:81)
at com.POS.PageObjects.Store.tableStore(Store.java:81)
at com.POS.PageObjects.Store.tableStore(Store.java:81)
at com.POS.PageObjects.Store.tableStore(Store.java:81)
at com.POS.PageObjects.Store.tableStore(Store.java:81)
at com.POS.PageObjects.Store.tableStore(Store.java:81)
at com.POS.PageObjects.Store.tableStore(Store.java:81)
at com.POS.PageObjects.Store.tableStore(Store.java:81)
at com.POS.PageObjects.Store.tableStore(Store.java:81)
at com.POS.PageObjects.Store.tableStore(Store.java:81)
at com.POS.PageObjects.Store.tableStore(Store.java:81)
at com.POS.PageObjects.Store.tableStore(Store.java:81)
at com.POS.PageObjects.Store.tableStore(Store.java:81)
at com.POS.PageObjects.Store.tableStore(Store.java:81)
at com.POS.PageObjects.Store.tableStore(Store.java:81)
at com.POS.PageObjects.Store.tableStore(Store.java:81)
at com.POS.PageObjects.Store.tableStore(Store.java:81)
at com.POS.PageObjects.Store.tableStore(Store.java:81)
at com.POS.PageObjects.Store.tableStore(Store.java:81)
at com.POS.PageObjects.Store.tableStore(Store.java:81)
at com.POS.PageObjects.Store.tableStore(Store.java:81)
at com.POS.PageObjects.Store.tableStore(Store.java:81)
at com.POS.PageObjects.Store.tableStore(Store.java:81)
at com.POS.PageObjects.Store.tableStore(Store.java:81)
at com.POS.PageObjects.Store.tableStore(Store.java:81)
at com.POS.PageObjects.Store.tableStore(Store.java:81)
at com.POS.PageObjects.Store.tableStore(Store.java:81)
at com.POS.PageObjects.Store.tableStore(Store.java:81)
at com.POS.PageObjects.Store.tableStore(Store.java:81)
at com.POS.PageObjects.Store.tableStore(Store.java:81)
at com.POS.PageObjects.Store.tableStore(Store.java:81)
at com.POS.PageObjects.Store.tableStore(Store.java:81)
at com.POS.PageObjects.Store.tableStore(Store.java:81)
at com.POS.PageObjects.Store.tableStore(Store.java:81)
at com.POS.PageObjects.Store.tableStore(Store.java:81)
at com.POS.PageObjects.Store.tableStore(Store.java:81)
at com.POS.PageObjects.Store.tableStore(Store.java:81)
at com.POS.PageObjects.Store.tableStore(Store.java:81)
at com.POS.PageObjects.Store.tableStore(Store.java:81)
at com.POS.PageObjects.Store.tableStore(Store.java:81)
at com.POS.PageObjects.Store.tableStore(Store.java:81)
at com.POS.PageObjects.Store.tableStore(Store.java:81)
at com.POS.PageObjects.Store.tableStore(Store.java:81)
at com.POS.PageObjects.Store.tableStore(Store.java:81)
at com.POS.PageObjects.Store.tableStore(Store.java:81)
at com.POS.PageObjects.Store.tableStore(Store.java:81)
at com.POS.PageObjects.Store.tableStore(Store.java:81)
at com.POS.PageObjects.Store.tableStore(Store.java:81)
at com.POS.PageObjects.Store.tableStore(Store.java:81)
at com.POS.PageObjects.Store.tableStore(Store.java:81)
at com.POS.PageObjects.Store.tableStore(Store.java:81)
at com.POS.PageObjects.Store.tableStore(Store.java:81)
at com.POS.PageObjects.Store.tableStore(Store.java:81)
at com.POS.PageObjects.Store.tableStore(Store.java:81)
at com.POS.PageObjects.Store.tableStore(Store.java:81)
at com.POS.PageObjects.Store.tableStore(Store.java:81)
at com.POS.PageObjects.Store.tableStore(Store.java:81)
at com.POS.PageObjects.Store.tableStore(Store.java:81)
at com.POS.PageObjects.Store.tableStore(Store.java:81)
at com.POS.PageObjects.Store.tableStore(Store.java:81)
at com.POS.PageObjects.Store.tableStore(Store.java:81)
at com.POS.PageObjects.Store.tableStore(Store.java:81)
at com.POS.PageObjects.Store.tableStore(Store.java:81)
at com.POS.PageObjects.Store.tableStore(Store.java:81)
at com.POS.PageObjects.Store.tableStore(Store.java:81)
at com.POS.PageObjects.Store.tableStore(Store.java:81)
at com.POS.PageObjects.Store.tableStore(Store.java:81)
at com.POS.PageObjects.Store.tableStore(Store.java:81)
at com.POS.PageObjects.Store.tableStore(Store.java:81)
at com.POS.PageObjects.Store.tableStore(Store.java:81)
at com.POS.PageObjects.Store.tableStore(Store.java:81)
at com.POS.PageObjects.Store.tableStore(Store.java:81)
at com.POS.PageObjects.Store.tableStore(Store.java:81)
at com.POS.PageObjects.Store.tableStore(Store.java:81)
at com.POS.PageObjects.Store.tableStore(Store.java:81)
at com.POS.PageObjects.Store.tableStore(Store.java:81)
at com.POS.PageObjects.Store.tableStore(Store.java:81)
at com.POS.PageObjects.Store.tableStore(Store.java:81)
at com.POS.PageObjects.Store.tableStore(Store.java:81)
at com.POS.PageObjects.Store.tableStore(Store.java:81)
at com.POS.PageObjects.Store.tableStore(Store.java:81)
at com.POS.PageObjects.Store.tableStore(Store.java:81)
at com.POS.PageObjects.Store.tableStore(Store.java:81)
at com.POS.PageObjects.Store.tableStore(Store.java:81)
at com.POS.PageObjects.Store.tableStore(Store.java:81)
at com.POS.PageObjects.Store.tableStore(Store.java:81)
at com.POS.PageObjects.Store.tableStore(Store.java:81)
at com.POS.PageObjects.Store.tableStore(Store.java:81)
at com.POS.PageObjects.Store.tableStore(Store.java:81)
at com.POS.PageObjects.Store.tableStore(Store.java:81)
at com.POS.PageObjects.Store.tableStore(Store.java:81)
at com.POS.PageObjects.Store.tableStore(Store.java:81)
at com.POS.PageObjects.Store.tableStore(Store.java:81)
at com.POS.PageObjects.Store.tableStore(Store.java:81)
at com.POS.PageObjects.Store.tableStore(Store.java:81)
at com.POS.PageObjects.Store.tableStore(Store.java:81)
at com.POS.PageObjects.Store.tableStore(Store.java:81)
at com.POS.PageObjects.Store.tableStore(Store.java:81)
at com.POS.PageObjects.Store.tableStore(Store.java:81)
at com.POS.PageObjects.Store.tableStore(Store.java:81)
at com.POS.PageObjects.Store.tableStore(Store.java:81)
at com.POS.PageObjects.Store.tableStore(Store.java:81)
at com.POS.PageObjects.Store.tableStore(Store.java:81)
at com.POS.PageObjects.Store.tableStore(Store.java:81)
at com.POS.PageObjects.Store.tableStore(Store.java:81)
at com.POS.PageObjects.Store.tableStore(Store.java:81)
at com.POS.PageObjects.Store.tableStore(Store.java:81)
at com.POS.PageObjects.Store.tableStore(Store.java:81)
at com.POS.PageObjects.Store.tableStore(Store.java:81)
at com.POS.PageObjects.Store.tableStore(Store.java:81)
at com.POS.PageObjects.Store.tableStore(Store.java:81)
at com.POS.PageObjects.Store.tableStore(Store.java:81)
at com.POS.PageObjects.Store.tableStore(Store.java:81)
at com.POS.PageObjects.Store.tableStore(Store.java:81)
at com.POS.PageObjects.Store.tableStore(Store.java:81)
at com.POS.PageObjects.Store.tableStore(Store.java:81)
at com.POS.PageObjects.Store.tableStore(Store.java:81)
at com.POS.PageObjects.Store.tableStore(Store.java:81)
at com.POS.PageObjects.Store.tableStore(Store.java:81)
at com.POS.PageObjects.Store.tableStore(Store.java:81)
at com.POS.PageObjects.Store.tableStore(Store.java:81)
at com.POS.PageObjects.Store.tableStore(Store.java:81)
at com.POS.PageObjects.Store.tableStore(Store.java:81)
at com.POS.PageObjects.Store.tableStore(Store.java:81)
at com.POS.PageObjects.Store.tableStore(Store.java:81)
at com.POS.PageObjects.Store.tableStore(Store.java:81)
at com.POS.PageObjects.Store.tableStore(Store.java:81)
at com.POS.PageObjects.Store.tableStore(Store.java:81)
at com.POS.PageObjects.Store.tableStore(Store.java:81)
at com.POS.PageObjects.Store.tableStore(Store.java:81)
at com.POS.PageObjects.Store.tableStore(Store.java:81)
at com.POS.PageObjects.Store.tableStore(Store.java:81)
at com.POS.PageObjects.Store.tableStore(Store.java:81)
at com.POS.PageObjects.Store.tableStore(Store.java:81)
at com.POS.PageObjects.Store.tableStore(Store.java:81)
at com.POS.PageObjects.Store.tableStore(Store.java:81)
at com.POS.PageObjects.Store.tableStore(Store.java:81)
at com.POS.PageObjects.Store.tableStore(Store.java:81)
at com.POS.PageObjects.Store.tableStore(Store.java:81)
at com.POS.PageObjects.Store.tableStore(Store.java:81)
at com.POS.PageObjects.Store.tableStore(Store.java:81)
at com.POS.PageObjects.Store.tableStore(Store.java:81)
at com.POS.PageObjects.Store.tableStore(Store.java:81)
at com.POS.PageObjects.Store.tableStore(Store.java:81)
at com.POS.PageObjects.Store.tableStore(Store.java:81)
at com.POS.PageObjects.Store.tableStore(Store.java:81)
at com.POS.PageObjects.Store.tableStore(Store.java:81)
at com.POS.PageObjects.Store.tableStore(Store.java:81)
at com.POS.PageObjects.Store.tableStore(Store.java:81)
at com.POS.PageObjects.Store.tableStore(Store.java:81)
at com.POS.PageObjects.Store.tableStore(Store.java:81)
at com.POS.PageObjects.Store.tableStore(Store.java:81)
at com.POS.PageObjects.Store.tableStore(Store.java:81)
at com.POS.PageObjects.Store.tableStore(Store.java:81)
at com.POS.PageObjects.Store.tableStore(Store.java:81)
at com.POS.PageObjects.Store.tableStore(Store.java:81)
at com.POS.PageObjects.Store.tableStore(Store.java:81)
at com.POS.PageObjects.Store.tableStore(Store.java:81)
at com.POS.PageObjects.Store.tableStore(Store.java:81)
at com.POS.PageObjects.Store.tableStore(Store.java:81)
at com.POS.PageObjects.Store.tableStore(Store.java:81)
at com.POS.PageObjects.Store.tableStore(Store.java:81)
at com.POS.PageObjects.Store.tableStore(Store.java:81)
at com.POS.PageObjects.Store.tableStore(Store.java:81)
at com.POS.PageObjects.Store.tableStore(Store.java:81)
at com.POS.PageObjects.Store.tableStore(Store.java:81)
at com.POS.PageObjects.Store.tableStore(Store.java:81)
at com.POS.PageObjects.Store.tableStore(Store.java:81)
at com.POS.PageObjects.Store.tableStore(Store.java:81)
at com.POS.PageObjects.Store.tableStore(Store.java:81)
at com.POS.PageObjects.Store.tableStore(Store.java:81)
at com.POS.PageObjects.Store.tableStore(Store.java:81)
at com.POS.PageObjects.Store.tableStore(Store.java:81)
at com.POS.PageObjects.Store.tableStore(Store.java:81)
at com.POS.PageObjects.Store.tableStore(Store.java:81)
at com.POS.PageObjects.Store.tableStore(Store.java:81)
at com.POS.PageObjects.Store.tableStore(Store.java:81)
at com.POS.PageObjects.Store.tableStore(Store.java:81)
at com.POS.PageObjects.Store.tableStore(Store.java:81)
at com.POS.PageObjects.Store.tableStore(Store.java:81)
at com.POS.PageObjects.Store.tableStore(Store.java:81)
at com.POS.PageObjects.Store.tableStore(Store.java:81)
at com.POS.PageObjects.Store.tableStore(Store.java:81)
at com.POS.PageObjects.Store.tableStore(Store.java:81)
at com.POS.PageObjects.Store.tableStore(Store.java:81)
at com.POS.PageObjects.Store.tableStore(Store.java:81)
at com.POS.PageObjects.Store.tableStore(Store.java:81)
at com.POS.PageObjects.Store.tableStore(Store.java:81)
at com.POS.PageObjects.Store.tableStore(Store.java:81)
at com.POS.PageObjects.Store.tableStore(Store.java:81)
at com.POS.PageObjects.Store.tableStore(Store.java:81)
at com.POS.PageObjects.Store.tableStore(Store.java:81)
at com.POS.PageObjects.Store.tableStore(Store.java:81)
at com.POS.PageObjects.Store.tableStore(Store.java:81)
at com.POS.PageObjects.Store.tableStore(Store.java:81)
at com.POS.PageObjects.Store.tableStore(Store.java:81)
at com.POS.PageObjects.Store.tableStore(Store.java:81)
at com.POS.PageObjects.Store.tableStore(Store.java:81)
at com.POS.PageObjects.Store.tableStore(Store.java:81)
at com.POS.PageObjects.Store.tableStore(Store.java:81)
at com.POS.PageObjects.Store.tableStore(Store.java:81)
at com.POS.PageObjects.Store.tableStore(Store.java:81)
at com.POS.PageObjects.Store.tableStore(Store.java:81)
at com.POS.PageObjects.Store.tableStore(Store.java:81)
at com.POS.PageObjects.Store.tableStore(Store.java:81)
at com.POS.PageObjects.Store.tableStore(Store.java:81)
at com.POS.PageObjects.Store.tableStore(Store.java:81)
at com.POS.PageObjects.Store.tableStore(Store.java:81)
at com.POS.PageObjects.Store.tableStore(Store.java:81)
at com.POS.PageObjects.Store.tableStore(Store.java:81)
at com.POS.PageObjects.Store.tableStore(Store.java:81)
at com.POS.PageObjects.Store.tableStore(Store.java:81)
at com.POS.PageObjects.Store.tableStore(Store.java:81)
at com.POS.PageObjects.Store.tableStore(Store.java:81)
at com.POS.PageObjects.Store.tableStore(Store.java:81)
at com.POS.PageObjects.Store.tableStore(Store.java:81)
at com.POS.PageObjects.Store.tableStore(Store.java:81)
at com.POS.PageObjects.Store.tableStore(Store.java:81)
at com.POS.PageObjects.Store.tableStore(Store.java:81)
at com.POS.PageObjects.Store.tableStore(Store.java:81)
at com.POS.PageObjects.Store.tableStore(Store.java:81)
at com.POS.PageObjects.Store.tableStore(Store.java:81)
at com.POS.PageObjects.Store.tableStore(Store.java:81)
at com.POS.PageObjects.Store.tableStore(Store.java:81)
at com.POS.PageObjects.Store.tableStore(Store.java:81)
at com.POS.PageObjects.Store.tableStore(Store.java:81)
at com.POS.PageObjects.Store.tableStore(Store.java:81)
at com.POS.PageObjects.Store.tableStore(Store.java:81)
at com.POS.PageObjects.Store.tableStore(Store.java:81)
at com.POS.PageObjects.Store.tableStore(Store.java:81)
at com.POS.PageObjects.Store.tableStore(Store.java:81)
at com.POS.PageObjects.Store.tableStore(Store.java:81)
at com.POS.PageObjects.Store.tableStore(Store.java:81)
at com.POS.PageObjects.Store.tableStore(Store.java:81)
at com.POS.PageObjects.Store.tableStore(Store.java:81)
at com.POS.PageObjects.Store.tableStore(Store.java:81)
at com.POS.PageObjects.Store.tableStore(Store.java:81)
at com.POS.PageObjects.Store.tableStore(Store.java:81)
at com.POS.PageObjects.Store.tableStore(Store.java:81)
at com.POS.PageObjects.Store.tableStore(Store.java:81)
at com.POS.PageObjects.Store.tableStore(Store.java:81)
at com.POS.PageObjects.Store.tableStore(Store.java:81)
at com.POS.PageObjects.Store.tableStore(Store.java:81)
at com.POS.PageObjects.Store.tableStore(Store.java:81)
at com.POS.PageObjects.Store.tableStore(Store.java:81)
at com.POS.PageObjects.Store.tableStore(Store.java:81)
at com.POS.PageObjects.Store.tableStore(Store.java:81)
at com.POS.PageObjects.Store.tableStore(Store.java:81)
at com.POS.PageObjects.Store.tableStore(Store.java:81)
at com.POS.PageObjects.Store.tableStore(Store.java:81)
at com.POS.PageObjects.Store.tableStore(Store.java:81)
at com.POS.PageObjects.Store.tableStore(Store.java:81)
at com.POS.PageObjects.Store.tableStore(Store.java:81)
at com.POS.PageObjects.Store.tableStore(Store.java:81)
at com.POS.PageObjects.Store.tableStore(Store.java:81)
at com.POS.PageObjects.Store.tableStore(Store.java:81)
at com.POS.PageObjects.Store.tableStore(Store.java:81)
at com.POS.PageObjects.Store.tableStore(Store.java:81)
at com.POS.PageObjects.Store.tableStore(Store.java:81)
at com.POS.PageObjects.Store.tableStore(Store.java:81)
at com.POS.PageObjects.Store.tableStore(Store.java:81)
at com.POS.PageObjects.Store.tableStore(Store.java:81)
at com.POS.PageObjects.Store.tableStore(Store.java:81)
at com.POS.PageObjects.Store.tableStore(Store.java:81)
at com.POS.PageObjects.Store.tableStore(Store.java:81)
at com.POS.PageObjects.Store.tableStore(Store.java:81)
at com.POS.PageObjects.Store.tableStore(Store.java:81)
at com.POS.PageObjects.Store.tableStore(Store.java:81)
at com.POS.PageObjects.Store.tableStore(Store.java:81)
at com.POS.PageObjects.Store.tableStore(Store.java:81)
at com.POS.PageObjects.Store.tableStore(Store.java:81)
at com.POS.PageObjects.Store.tableStore(Store.java:81)
at com.POS.PageObjects.Store.tableStore(Store.java:81)
at com.POS.PageObjects.Store.tableStore(Store.java:81)
at com.POS.PageObjects.Store.tableStore(Store.java:81)
at com.POS.PageObjects.Store.tableStore(Store.java:81)
at com.POS.PageObjects.Store.tableStore(Store.java:81)
at com.POS.PageObjects.Store.tableStore(Store.java:81)
at com.POS.PageObjects.Store.tableStore(Store.java:81)
at com.POS.PageObjects.Store.tableStore(Store.java:81)
at com.POS.PageObjects.Store.tableStore(Store.java:81)
at com.POS.PageObjects.Store.tableStore(Store.java:81)
at com.POS.PageObjects.Store.tableStore(Store.java:81)
at com.POS.PageObjects.Store.tableStore(Store.java:81)
at com.POS.PageObjects.Store.tableStore(Store.java:81)
at com.POS.PageObjects.Store.tableStore(Store.java:81)
at com.POS.PageObjects.Store.tableStore(Store.java:81)
at com.POS.PageObjects.Store.tableStore(Store.java:81)
at com.POS.PageObjects.Store.tableStore(Store.java:81)
at com.POS.PageObjects.Store.tableStore(Store.java:81)
at com.POS.PageObjects.Store.tableStore(Store.java:81)
at com.POS.PageObjects.Store.tableStore(Store.java:81)
at com.POS.PageObjects.Store.tableStore(Store.java:81)
at com.POS.PageObjects.Store.tableStore(Store.java:81)
at com.POS.PageObjects.Store.tableStore(Store.java:81)
at com.POS.PageObjects.Store.tableStore(Store.java:81)
at com.POS.PageObjects.Store.tableStore(Store.java:81)
at com.POS.PageObjects.Store.tableStore(Store.java:81)
at com.POS.PageObjects.Store.tableStore(Store.java:81)
at com.POS.PageObjects.Store.tableStore(Store.java:81)
at com.POS.PageObjects.Store.tableStore(Store.java:81)
at com.POS.PageObjects.Store.tableStore(Store.java:81)
at com.POS.PageObjects.Store.tableStore(Store.java:81)
at com.POS.PageObjects.Store.tableStore(Store.java:81)
at com.POS.PageObjects.Store.tableStore(Store.java:81)
at com.POS.PageObjects.Store.tableStore(Store.java:81)
at com.POS.PageObjects.Store.tableStore(Store.java:81)
at com.POS.PageObjects.Store.tableStore(Store.java:81)
at com.POS.PageObjects.Store.tableStore(Store.java:81)
at com.POS.PageObjects.Store.tableStore(Store.java:81)
at com.POS.PageObjects.Store.tableStore(Store.java:81)
at com.POS.PageObjects.Store.tableStore(Store.java:81)
at com.POS.PageObjects.Store.tableStore(Store.java:81)
at com.POS.PageObjects.Store.tableStore(Store.java:81)
at com.POS.PageObjects.Store.tableStore(Store.java:81)
at com.POS.PageObjects.Store.tableStore(Store.java:81)
at com.POS.PageObjects.Store.tableStore(Store.java:81)
at com.POS.PageObjects.Store.tableStore(Store.java:81)
at com.POS.PageObjects.Store.tableStore(Store.java:81)
at com.POS.PageObjects.Store.tableStore(Store.java:81)
at com.POS.PageObjects.Store.tableStore(Store.java:81)
at com.POS.PageObjects.Store.tableStore(Store.java:81)
at com.POS.PageObjects.Store.tableStore(Store.java:81)
at com.POS.PageObjects.Store.tableStore(Store.java:81)
at com.POS.PageObjects.Store.tableStore(Store.java:81)
at com.POS.PageObjects.Store.tableStore(Store.java:81)
at com.POS.PageObjects.Store.tableStore(Store.java:81)
at com.POS.PageObjects.Store.tableStore(Store.java:81)
at com.POS.PageObjects.Store.tableStore(Store.java:81)
at com.POS.PageObjects.Store.tableStore(Store.java:81)
at com.POS.PageObjects.Store.tableStore(Store.java:81)
at com.POS.PageObjects.Store.tableStore(Store.java:81)
at com.POS.PageObjects.Store.tableStore(Store.java:81)
at com.POS.PageObjects.Store.tableStore(Store.java:81)
at com.POS.PageObjects.Store.tableStore(Store.java:81)
at com.POS.PageObjects.Store.tableStore(Store.java:81)
at com.POS.PageObjects.Store.tableStore(Store.java:81)
at com.POS.PageObjects.Store.tableStore(Store.java:81)
at com.POS.PageObjects.Store.tableStore(Store.java:81)
at com.POS.PageObjects.Store.tableStore(Store.java:81)
at com.POS.PageObjects.Store.tableStore(Store.java:81)
at com.POS.PageObjects.Store.tableStore(Store.java:81)
at com.POS.PageObjects.Store.tableStore(Store.java:81)
at com.POS.PageObjects.Store.tableStore(Store.java:81)
at com.POS.PageObjects.Store.tableStore(Store.java:81)
at com.POS.PageObjects.Store.tableStore(Store.java:81)
at com.POS.PageObjects.Store.tableStore(Store.java:81)
at com.POS.PageObjects.Store.tableStore(Store.java:81)
at com.POS.PageObjects.Store.tableStore(Store.java:81)
at com.POS.PageObjects.Store.tableStore(Store.java:81)
at com.POS.PageObjects.Store.tableStore(Store.java:81)
at com.POS.PageObjects.Store.tableStore(Store.java:81)
at com.POS.PageObjects.Store.tableStore(Store.java:81)
at com.POS.PageObjects.Store.tableStore(Store.java:81)
at com.POS.PageObjects.Store.tableStore(Store.java:81)
at com.POS.PageObjects.Store.tableStore(Store.java:81)
at com.POS.PageObjects.Store.tableStore(Store.java:81)
at com.POS.PageObjects.Store.tableStore(Store.java:81)
at com.POS.PageObjects.Store.tableStore(Store.java:81)
at com.POS.PageObjects.Store.tableStore(Store.java:81)
at com.POS.PageObjects.Store.tableStore(Store.java:81)
at com.POS.PageObjects.Store.tableStore(Store.java:81)
at com.POS.PageObjects.Store.tableStore(Store.java:81)
at com.POS.PageObjects.Store.tableStore(Store.java:81)
at com.POS.PageObjects.Store.tableStore(Store.java:81)
at com.POS.PageObjects.Store.tableStore(Store.java:81)
at com.POS.PageObjects.Store.tableStore(Store.java:81)
]]>
    </failure>
  </testcase> <!-- validateMenuClick -->
</testsuite> <!-- SmokeTest -->
