<?xml version="1.0" encoding="UTF-8"?>
<!-- Generated by org.testng.reporters.JUnitXMLReporter -->
<testsuite ignored="1" hostname="DESKTOP-9H86UB9" failures="0" tests="1" name="Default test" time="12.935" errors="0" timestamp="2023-03-21T17:40:42 GST">
  <testcase classname="com.POS.Testcases.VerifyUserLoginTest" name="validateAllLogin" time="0.0">
    <skipped/>
  </testcase> <!-- validateAllLogin -->
  <testcase classname="com.POS.Testcases.VerifyUserLoginTest" name="validateLogin" time="0.0">
    <ignored/>
  </testcase> <!-- validateLogin -->
</testsuite> <!-- Default test -->
