<?xml version="1.0" encoding="UTF-8"?>
<testng-results ignored="0" total="3" passed="3" failed="0" skipped="0">
  <reporter-output>
  </reporter-output>
  <suite started-at="2023-03-20T15:26:53 GST" name="Default suite" finished-at="2023-03-20T15:27:54 GST" duration-ms="61514">
    <groups>
    </groups>
    <test started-at="2023-03-20T15:26:53 GST" name="Default test" finished-at="2023-03-20T15:27:54 GST" duration-ms="61514">
      <class name="com.obsqura.pomodel.LoginPageTest">
        <test-method signature="loginFunction()[pri:1, instance:com.obsqura.pomodel.LoginPageTest@4d5b6aac]" started-at="2023-03-20T15:26:53 GST" name="loginFunction" finished-at="2023-03-20T15:27:53 GST" duration-ms="59708" status="PASS">
          <reporter-output>
          </reporter-output>
        </test-method> <!-- loginFunction -->
        <test-method signature="homePageFunction()[pri:2, instance:com.obsqura.pomodel.LoginPageTest@4d5b6aac]" started-at="2023-03-20T15:27:53 GST" name="homePageFunction" finished-at="2023-03-20T15:27:53 GST" duration-ms="296" status="PASS">
          <reporter-output>
          </reporter-output>
        </test-method> <!-- homePageFunction -->
        <test-method signature="bikeLtPageFunction()[pri:3, instance:com.obsqura.pomodel.LoginPageTest@4d5b6aac]" started-at="2023-03-20T15:27:53 GST" name="bikeLtPageFunction" finished-at="2023-03-20T15:27:54 GST" duration-ms="1448" status="PASS">
          <reporter-output>
          </reporter-output>
        </test-method> <!-- bikeLtPageFunction -->
      </class> <!-- com.obsqura.pomodel.LoginPageTest -->
    </test> <!-- Default test -->
  </suite> <!-- Default suite -->
</testng-results>
