<?xml version="1.0" encoding="UTF-8"?>
<!-- Generated by org.testng.reporters.JUnitXMLReporter -->
<testsuite ignored="2" hostname="DESKTOP-9H86UB9" failures="0" tests="2" name="EdgeTest" time="39.886" errors="0" timestamp="2023-03-17T20:20:37 GST">
  <testcase classname="com.POS.Testcases.VerifyHomePageTest" name="validateElementsDisplay" time="3.783"/>
  <testcase classname="com.POS.Testcases.VerifyHomePageTest" name="validateMenuDisplay" time="11.284"/>
  <testcase classname="com.POS.Testcases.VerifyHomePageTest" name="validateLanguageSelection" time="0.0">
    <ignored/>
  </testcase> <!-- validateLanguageSelection -->
  <testcase classname="com.POS.Testcases.VerifyHomePageTest" name="validateMenuClick" time="0.0">
    <ignored/>
  </testcase> <!-- validateMenuClick -->
</testsuite> <!-- EdgeTest -->
