<?xml version="1.0" encoding="UTF-8"?>
<!-- Generated by org.testng.reporters.JUnitXMLReporter -->
<testsuite ignored="0" hostname="DESKTOP-9H86UB9" failures="0" tests="4" name="FirefoxTest" time="208.507" errors="0" timestamp="2023-03-15T23:38:11 GST">
  <testcase classname="com.POS.Testcases.VerifyUserLoginTest" name="validateLogin" time="27.343"/>
  <testcase classname="com.POS.Testcases.VerifyUserLoginTest" name="validateAllLogin" time="1.288"/>
  <testcase classname="com.POS.Testcases.VerifyUserLoginTest" name="validateAllLogin" time="1.37"/>
  <testcase classname="com.POS.Testcases.VerifyUserLoginTest" name="validateAllLogin" time="3.066"/>
</testsuite> <!-- FirefoxTest -->
