<?xml version="1.0" encoding="UTF-8"?>
<!-- Generated by org.testng.reporters.JUnitXMLReporter -->
<testsuite ignored="5" hostname="DESKTOP-9H86UB9" failures="0" tests="4" name="ParallelMethodTest" time="175.074" errors="0" timestamp="2023-03-20T16:53:06 GST">
  <testcase classname="com.POS.BaseClass.BaseClass" name="@BeforeMethod beforeMethods" time="112.729">
    <failure type="org.openqa.selenium.TimeoutException" message="timeout: Timed out receiving message from renderer: -0.001
  (Session info: MicrosoftEdge=111.0.1661.44)
Build info: version: &amp;apos;4.7.2&amp;apos;, revision: &amp;apos;4d4020c3b7&amp;apos;
System info: os.name: &amp;apos;Windows 10&amp;apos;, os.arch: &amp;apos;amd64&amp;apos;, os.version: &amp;apos;10.0&amp;apos;, java.version: &amp;apos;17.0.6&amp;apos;
Driver info: org.openqa.selenium.edge.EdgeDriver
Command: [40feff3ce1a1361aa6f77d892a6fc396, get {url=https://qalegend.com/restaurant/login}]
Capabilities {acceptInsecureCerts: false, browserName: msedge, browserVersion: 111.0.1661.44, ms:edgeOptions: {debuggerAddress: localhost:49433}, msedge: {msedgedriverVersion: 111.0.1661.44 (fc2a57ec5a41..., userDataDir: C:\Users\Thomas\AppData\Loc...}, networkConnectionEnabled: false, pageLoadStrategy: normal, platformName: WINDOWS, proxy: Proxy(), se:cdp: ws://localhost:49433/devtoo..., se:cdpVersion: 111.0.1661.44, setWindowRect: true, strictFileInteractability: false, timeouts: {implicit: 0, pageLoad: 300000, script: 30000}, unhandledPromptBehavior: dismiss and notify, webauthn:extension:credBlob: true, webauthn:extension:largeBlob: true, webauthn:extension:minPinLength: true, webauthn:extension:prf: true, webauthn:virtualAuthenticators: true}
Session ID: 40feff3ce1a1361aa6f77d892a6fc396">
      <![CDATA[org.openqa.selenium.TimeoutException: timeout: Timed out receiving message from renderer: -0.001
  (Session info: MicrosoftEdge=111.0.1661.44)
Build info: version: '4.7.2', revision: '4d4020c3b7'
System info: os.name: 'Windows 10', os.arch: 'amd64', os.version: '10.0', java.version: '17.0.6'
Driver info: org.openqa.selenium.edge.EdgeDriver
Command: [40feff3ce1a1361aa6f77d892a6fc396, get {url=https://qalegend.com/restaurant/login}]
Capabilities {acceptInsecureCerts: false, browserName: msedge, browserVersion: 111.0.1661.44, ms:edgeOptions: {debuggerAddress: localhost:49433}, msedge: {msedgedriverVersion: 111.0.1661.44 (fc2a57ec5a41..., userDataDir: C:\Users\Thomas\AppData\Loc...}, networkConnectionEnabled: false, pageLoadStrategy: normal, platformName: WINDOWS, proxy: Proxy(), se:cdp: ws://localhost:49433/devtoo..., se:cdpVersion: 111.0.1661.44, setWindowRect: true, strictFileInteractability: false, timeouts: {implicit: 0, pageLoad: 300000, script: 30000}, unhandledPromptBehavior: dismiss and notify, webauthn:extension:credBlob: true, webauthn:extension:largeBlob: true, webauthn:extension:minPinLength: true, webauthn:extension:prf: true, webauthn:virtualAuthenticators: true}
Session ID: 40feff3ce1a1361aa6f77d892a6fc396
at org.openqa.selenium.remote.codec.w3c.W3CHttpResponseCodec.createException(W3CHttpResponseCodec.java:200)
at org.openqa.selenium.remote.codec.w3c.W3CHttpResponseCodec.decode(W3CHttpResponseCodec.java:133)
at org.openqa.selenium.remote.codec.w3c.W3CHttpResponseCodec.decode(W3CHttpResponseCodec.java:53)
at org.openqa.selenium.remote.HttpCommandExecutor.execute(HttpCommandExecutor.java:184)
at org.openqa.selenium.remote.service.DriverCommandExecutor.invokeExecute(DriverCommandExecutor.java:167)
at org.openqa.selenium.remote.service.DriverCommandExecutor.execute(DriverCommandExecutor.java:142)
at org.openqa.selenium.remote.RemoteWebDriver.execute(RemoteWebDriver.java:535)
at org.openqa.selenium.remote.RemoteWebDriver.get(RemoteWebDriver.java:296)
at com.POS.BaseClass.BaseClass.launchApp(BaseClass.java:109)
at com.POS.BaseClass.BaseClass.beforeMethods(BaseClass.java:77)
at java.base/java.util.concurrent.ThreadPoolExecutor.runWorker(ThreadPoolExecutor.java:1136)
at java.base/java.util.concurrent.ThreadPoolExecutor$Worker.run(ThreadPoolExecutor.java:635)
at java.base/java.lang.Thread.run(Thread.java:833)
... Removed 21 stack frames]]>
    </failure>
  </testcase> <!-- @BeforeMethod beforeMethods -->
  <testcase classname="com.POS.BaseClass.BaseClass" name="@AfterMethod afterMethod" time="0.0">
    <skipped/>
  </testcase> <!-- @AfterMethod afterMethod -->
  <testcase classname="com.POS.BaseClass.BaseClass" name="@BeforeMethod beforeMethods" time="148.871">
    <failure type="org.openqa.selenium.NoSuchWindowException" message="no such window: target window already closed
from unknown error: web view not found
  (Session info: MicrosoftEdge=111.0.1661.44)
Build info: version: &amp;apos;4.7.2&amp;apos;, revision: &amp;apos;4d4020c3b7&amp;apos;
System info: os.name: &amp;apos;Windows 10&amp;apos;, os.arch: &amp;apos;amd64&amp;apos;, os.version: &amp;apos;10.0&amp;apos;, java.version: &amp;apos;17.0.6&amp;apos;
Driver info: org.openqa.selenium.edge.EdgeDriver
Command: [83d62ff0e04257a2228bd29a6d55bd34, get {url=https://qalegend.com/restaurant/login}]
Capabilities {acceptInsecureCerts: false, browserName: msedge, browserVersion: 111.0.1661.44, ms:edgeOptions: {debuggerAddress: localhost:49434}, msedge: {msedgedriverVersion: 111.0.1661.44 (fc2a57ec5a41..., userDataDir: C:\Users\Thomas\AppData\Loc...}, networkConnectionEnabled: false, pageLoadStrategy: normal, platformName: WINDOWS, proxy: Proxy(), se:cdp: ws://localhost:49434/devtoo..., se:cdpVersion: 111.0.1661.44, setWindowRect: true, strictFileInteractability: false, timeouts: {implicit: 0, pageLoad: 300000, script: 30000}, unhandledPromptBehavior: dismiss and notify, webauthn:extension:credBlob: true, webauthn:extension:largeBlob: true, webauthn:extension:minPinLength: true, webauthn:extension:prf: true, webauthn:virtualAuthenticators: true}
Session ID: 83d62ff0e04257a2228bd29a6d55bd34">
      <![CDATA[org.openqa.selenium.NoSuchWindowException: no such window: target window already closed
from unknown error: web view not found
  (Session info: MicrosoftEdge=111.0.1661.44)
Build info: version: '4.7.2', revision: '4d4020c3b7'
System info: os.name: 'Windows 10', os.arch: 'amd64', os.version: '10.0', java.version: '17.0.6'
Driver info: org.openqa.selenium.edge.EdgeDriver
Command: [83d62ff0e04257a2228bd29a6d55bd34, get {url=https://qalegend.com/restaurant/login}]
Capabilities {acceptInsecureCerts: false, browserName: msedge, browserVersion: 111.0.1661.44, ms:edgeOptions: {debuggerAddress: localhost:49434}, msedge: {msedgedriverVersion: 111.0.1661.44 (fc2a57ec5a41..., userDataDir: C:\Users\Thomas\AppData\Loc...}, networkConnectionEnabled: false, pageLoadStrategy: normal, platformName: WINDOWS, proxy: Proxy(), se:cdp: ws://localhost:49434/devtoo..., se:cdpVersion: 111.0.1661.44, setWindowRect: true, strictFileInteractability: false, timeouts: {implicit: 0, pageLoad: 300000, script: 30000}, unhandledPromptBehavior: dismiss and notify, webauthn:extension:credBlob: true, webauthn:extension:largeBlob: true, webauthn:extension:minPinLength: true, webauthn:extension:prf: true, webauthn:virtualAuthenticators: true}
Session ID: 83d62ff0e04257a2228bd29a6d55bd34
at org.openqa.selenium.remote.codec.w3c.W3CHttpResponseCodec.createException(W3CHttpResponseCodec.java:200)
at org.openqa.selenium.remote.codec.w3c.W3CHttpResponseCodec.decode(W3CHttpResponseCodec.java:133)
at org.openqa.selenium.remote.codec.w3c.W3CHttpResponseCodec.decode(W3CHttpResponseCodec.java:53)
at org.openqa.selenium.remote.HttpCommandExecutor.execute(HttpCommandExecutor.java:184)
at org.openqa.selenium.remote.service.DriverCommandExecutor.invokeExecute(DriverCommandExecutor.java:167)
at org.openqa.selenium.remote.service.DriverCommandExecutor.execute(DriverCommandExecutor.java:142)
at org.openqa.selenium.remote.RemoteWebDriver.execute(RemoteWebDriver.java:535)
at org.openqa.selenium.remote.RemoteWebDriver.get(RemoteWebDriver.java:296)
at com.POS.BaseClass.BaseClass.launchApp(BaseClass.java:109)
at com.POS.BaseClass.BaseClass.beforeMethods(BaseClass.java:77)
at java.base/java.util.concurrent.ThreadPoolExecutor.runWorker(ThreadPoolExecutor.java:1136)
at java.base/java.util.concurrent.ThreadPoolExecutor$Worker.run(ThreadPoolExecutor.java:635)
at java.base/java.lang.Thread.run(Thread.java:833)
... Removed 21 stack frames]]>
    </failure>
  </testcase> <!-- @BeforeMethod beforeMethods -->
  <testcase classname="com.POS.BaseClass.BaseClass" name="@AfterMethod afterMethod" time="0.0">
    <skipped/>
  </testcase> <!-- @AfterMethod afterMethod -->
  <testcase classname="com.POS.BaseClass.BaseClass" name="@BeforeMethod beforeMethods" time="151.108">
    <failure type="org.openqa.selenium.NoSuchWindowException" message="no such window: target window already closed
from unknown error: web view not found
  (Session info: MicrosoftEdge=111.0.1661.44)
Build info: version: &amp;apos;4.7.2&amp;apos;, revision: &amp;apos;4d4020c3b7&amp;apos;
System info: os.name: &amp;apos;Windows 10&amp;apos;, os.arch: &amp;apos;amd64&amp;apos;, os.version: &amp;apos;10.0&amp;apos;, java.version: &amp;apos;17.0.6&amp;apos;
Driver info: org.openqa.selenium.edge.EdgeDriver
Command: [ec416ac683584fa73c730b796b36ac79, get {url=https://qalegend.com/restaurant/login}]
Capabilities {acceptInsecureCerts: false, browserName: msedge, browserVersion: 111.0.1661.44, ms:edgeOptions: {debuggerAddress: localhost:49432}, msedge: {msedgedriverVersion: 111.0.1661.44 (fc2a57ec5a41..., userDataDir: C:\Users\Thomas\AppData\Loc...}, networkConnectionEnabled: false, pageLoadStrategy: normal, platformName: WINDOWS, proxy: Proxy(), se:cdp: ws://localhost:49432/devtoo..., se:cdpVersion: 111.0.1661.44, setWindowRect: true, strictFileInteractability: false, timeouts: {implicit: 0, pageLoad: 300000, script: 30000}, unhandledPromptBehavior: dismiss and notify, webauthn:extension:credBlob: true, webauthn:extension:largeBlob: true, webauthn:extension:minPinLength: true, webauthn:extension:prf: true, webauthn:virtualAuthenticators: true}
Session ID: ec416ac683584fa73c730b796b36ac79">
      <![CDATA[org.openqa.selenium.NoSuchWindowException: no such window: target window already closed
from unknown error: web view not found
  (Session info: MicrosoftEdge=111.0.1661.44)
Build info: version: '4.7.2', revision: '4d4020c3b7'
System info: os.name: 'Windows 10', os.arch: 'amd64', os.version: '10.0', java.version: '17.0.6'
Driver info: org.openqa.selenium.edge.EdgeDriver
Command: [ec416ac683584fa73c730b796b36ac79, get {url=https://qalegend.com/restaurant/login}]
Capabilities {acceptInsecureCerts: false, browserName: msedge, browserVersion: 111.0.1661.44, ms:edgeOptions: {debuggerAddress: localhost:49432}, msedge: {msedgedriverVersion: 111.0.1661.44 (fc2a57ec5a41..., userDataDir: C:\Users\Thomas\AppData\Loc...}, networkConnectionEnabled: false, pageLoadStrategy: normal, platformName: WINDOWS, proxy: Proxy(), se:cdp: ws://localhost:49432/devtoo..., se:cdpVersion: 111.0.1661.44, setWindowRect: true, strictFileInteractability: false, timeouts: {implicit: 0, pageLoad: 300000, script: 30000}, unhandledPromptBehavior: dismiss and notify, webauthn:extension:credBlob: true, webauthn:extension:largeBlob: true, webauthn:extension:minPinLength: true, webauthn:extension:prf: true, webauthn:virtualAuthenticators: true}
Session ID: ec416ac683584fa73c730b796b36ac79
at org.openqa.selenium.remote.codec.w3c.W3CHttpResponseCodec.createException(W3CHttpResponseCodec.java:200)
at org.openqa.selenium.remote.codec.w3c.W3CHttpResponseCodec.decode(W3CHttpResponseCodec.java:133)
at org.openqa.selenium.remote.codec.w3c.W3CHttpResponseCodec.decode(W3CHttpResponseCodec.java:53)
at org.openqa.selenium.remote.HttpCommandExecutor.execute(HttpCommandExecutor.java:184)
at org.openqa.selenium.remote.service.DriverCommandExecutor.invokeExecute(DriverCommandExecutor.java:167)
at org.openqa.selenium.remote.service.DriverCommandExecutor.execute(DriverCommandExecutor.java:142)
at org.openqa.selenium.remote.RemoteWebDriver.execute(RemoteWebDriver.java:535)
at org.openqa.selenium.remote.RemoteWebDriver.get(RemoteWebDriver.java:296)
at com.POS.BaseClass.BaseClass.launchApp(BaseClass.java:109)
at com.POS.BaseClass.BaseClass.beforeMethods(BaseClass.java:77)
at java.base/java.util.concurrent.ThreadPoolExecutor.runWorker(ThreadPoolExecutor.java:1136)
at java.base/java.util.concurrent.ThreadPoolExecutor$Worker.run(ThreadPoolExecutor.java:635)
at java.base/java.lang.Thread.run(Thread.java:833)
... Removed 21 stack frames]]>
    </failure>
  </testcase> <!-- @BeforeMethod beforeMethods -->
  <testcase classname="com.POS.BaseClass.BaseClass" name="@AfterMethod afterMethod" time="0.0">
    <skipped/>
  </testcase> <!-- @AfterMethod afterMethod -->
  <testcase classname="com.POS.BaseClass.BaseClass" name="@BeforeMethod beforeMethods" time="175.019">
    <failure type="org.openqa.selenium.remote.UnreachableBrowserException" message="Error communicating with the remote browser. It may have died.
Build info: version: &amp;apos;4.7.2&amp;apos;, revision: &amp;apos;4d4020c3b7&amp;apos;
System info: os.name: &amp;apos;Windows 10&amp;apos;, os.arch: &amp;apos;amd64&amp;apos;, os.version: &amp;apos;10.0&amp;apos;, java.version: &amp;apos;17.0.6&amp;apos;
Driver info: org.openqa.selenium.edge.EdgeDriver
Command: [8a4ab9d866d1420ce3c1a186179a5d3f, maximizeCurrentWindow {}]
Capabilities {acceptInsecureCerts: false, browserName: msedge, browserVersion: 111.0.1661.44, ms:edgeOptions: {debuggerAddress: localhost:49425}, msedge: {msedgedriverVersion: 111.0.1661.44 (fc2a57ec5a41..., userDataDir: C:\Users\Thomas\AppData\Loc...}, networkConnectionEnabled: false, pageLoadStrategy: normal, platformName: WINDOWS, proxy: Proxy(), se:cdp: ws://localhost:49425/devtoo..., se:cdpVersion: 111.0.1661.44, setWindowRect: true, strictFileInteractability: false, timeouts: {implicit: 0, pageLoad: 300000, script: 30000}, unhandledPromptBehavior: dismiss and notify, webauthn:extension:credBlob: true, webauthn:extension:largeBlob: true, webauthn:extension:minPinLength: true, webauthn:extension:prf: true, webauthn:virtualAuthenticators: true}
Session ID: 8a4ab9d866d1420ce3c1a186179a5d3f">
      <![CDATA[org.openqa.selenium.remote.UnreachableBrowserException: Error communicating with the remote browser. It may have died.
Build info: version: '4.7.2', revision: '4d4020c3b7'
System info: os.name: 'Windows 10', os.arch: 'amd64', os.version: '10.0', java.version: '17.0.6'
Driver info: org.openqa.selenium.edge.EdgeDriver
Command: [8a4ab9d866d1420ce3c1a186179a5d3f, maximizeCurrentWindow {}]
Capabilities {acceptInsecureCerts: false, browserName: msedge, browserVersion: 111.0.1661.44, ms:edgeOptions: {debuggerAddress: localhost:49425}, msedge: {msedgedriverVersion: 111.0.1661.44 (fc2a57ec5a41..., userDataDir: C:\Users\Thomas\AppData\Loc...}, networkConnectionEnabled: false, pageLoadStrategy: normal, platformName: WINDOWS, proxy: Proxy(), se:cdp: ws://localhost:49425/devtoo..., se:cdpVersion: 111.0.1661.44, setWindowRect: true, strictFileInteractability: false, timeouts: {implicit: 0, pageLoad: 300000, script: 30000}, unhandledPromptBehavior: dismiss and notify, webauthn:extension:credBlob: true, webauthn:extension:largeBlob: true, webauthn:extension:minPinLength: true, webauthn:extension:prf: true, webauthn:virtualAuthenticators: true}
Session ID: 8a4ab9d866d1420ce3c1a186179a5d3f
at org.openqa.selenium.remote.RemoteWebDriver.execute(RemoteWebDriver.java:559)
at org.openqa.selenium.remote.RemoteWebDriver.execute(RemoteWebDriver.java:590)
at org.openqa.selenium.remote.RemoteWebDriver.execute(RemoteWebDriver.java:594)
at org.openqa.selenium.remote.RemoteWebDriver$RemoteWebDriverOptions$RemoteWindow.maximize(RemoteWebDriver.java:946)
at com.POS.BaseClass.BaseClass.launchApp(BaseClass.java:105)
at com.POS.BaseClass.BaseClass.beforeMethods(BaseClass.java:77)
at java.base/java.util.concurrent.ThreadPoolExecutor.runWorker(ThreadPoolExecutor.java:1136)
at java.base/java.util.concurrent.ThreadPoolExecutor$Worker.run(ThreadPoolExecutor.java:635)
at java.base/java.lang.Thread.run(Thread.java:833)
Caused by: java.io.UncheckedIOException: java.net.SocketException: Connection reset
at org.openqa.selenium.remote.http.netty.NettyHttpHandler.makeCall(NettyHttpHandler.java:73)
at org.openqa.selenium.remote.http.AddSeleniumUserAgent.lambda$apply$0(AddSeleniumUserAgent.java:42)
at org.openqa.selenium.remote.http.Filter.lambda$andFinally$1(Filter.java:56)
at org.openqa.selenium.remote.http.netty.NettyHttpHandler.execute(NettyHttpHandler.java:49)
at org.openqa.selenium.remote.http.AddSeleniumUserAgent.lambda$apply$0(AddSeleniumUserAgent.java:42)
at org.openqa.selenium.remote.http.Filter.lambda$andFinally$1(Filter.java:56)
at org.openqa.selenium.remote.http.netty.NettyClient.execute(NettyClient.java:99)
at org.openqa.selenium.remote.HttpCommandExecutor.execute(HttpCommandExecutor.java:181)
at org.openqa.selenium.remote.service.DriverCommandExecutor.invokeExecute(DriverCommandExecutor.java:167)
at org.openqa.selenium.remote.service.DriverCommandExecutor.execute(DriverCommandExecutor.java:142)
at org.openqa.selenium.remote.RemoteWebDriver.execute(RemoteWebDriver.java:535)
... 24 more
Caused by: java.net.SocketException: Connection reset
at java.base/sun.nio.ch.SocketChannelImpl.throwConnectionReset(SocketChannelImpl.java:394)
at java.base/sun.nio.ch.SocketChannelImpl.read(SocketChannelImpl.java:426)
at io.netty.buffer.PooledByteBuf.setBytes(PooledByteBuf.java:259)
at io.netty.buffer.AbstractByteBuf.writeBytes(AbstractByteBuf.java:1132)
at io.netty.channel.socket.nio.NioSocketChannel.doReadBytes(NioSocketChannel.java:357)
at io.netty.channel.nio.AbstractNioByteChannel$NioByteUnsafe.read(AbstractNioByteChannel.java:151)
at io.netty.channel.nio.NioEventLoop.processSelectedKey(NioEventLoop.java:788)
at io.netty.channel.nio.NioEventLoop.processSelectedKeysOptimized(NioEventLoop.java:724)
at io.netty.channel.nio.NioEventLoop.processSelectedKeys(NioEventLoop.java:650)
at io.netty.channel.nio.NioEventLoop.run(NioEventLoop.java:562)
at io.netty.util.concurrent.SingleThreadEventExecutor$4.run(SingleThreadEventExecutor.java:997)
at io.netty.util.internal.ThreadExecutorMap$2.run(ThreadExecutorMap.java:74)
at io.netty.util.concurrent.FastThreadLocalRunnable.run(FastThreadLocalRunnable.java:30)
... 1 more
... Removed 16 stack frames]]>
    </failure>
  </testcase> <!-- @BeforeMethod beforeMethods -->
  <testcase classname="com.POS.BaseClass.BaseClass" name="@AfterMethod afterMethod" time="0.0">
    <skipped/>
  </testcase> <!-- @AfterMethod afterMethod -->
  <testcase classname="com.POS.Testcases.VerifyCategoryTest" name="validateAddCategory" time="0.0">
    <skipped/>
  </testcase> <!-- validateAddCategory -->
  <testcase classname="com.POS.Testcases.VerifyHomePageTest" name="validateElementsDisplay" time="0.0">
    <skipped/>
  </testcase> <!-- validateElementsDisplay -->
  <testcase classname="com.POS.Testcases.VerifyHomePageTest" name="validateMenuDisplay" time="0.0">
    <skipped/>
  </testcase> <!-- validateMenuDisplay -->
  <testcase classname="com.POS.Testcases.VerifyCategoryTest" name="validateCatTblHeaders" time="0.0">
    <skipped/>
  </testcase> <!-- validateCatTblHeaders -->
  <testcase classname="com.POS.BaseClass.BaseClass" name="@AfterSuite tearDown" time="0.0">
    <ignored/>
  </testcase> <!-- @AfterSuite tearDown -->
  <testcase classname="com.POS.Testcases.VerifyHomePageTest" name="validateMenuClick" time="0.0">
    <ignored/>
  </testcase> <!-- validateMenuClick -->
  <testcase classname="com.POS.Testcases.VerifyHomePageTest" name="validateLanguageSelection" time="0.0">
    <ignored/>
  </testcase> <!-- validateLanguageSelection -->
  <testcase classname="com.POS.BaseClass.BaseClass" name="@BeforeSuite loadFiles" time="0.0">
    <ignored/>
  </testcase> <!-- @BeforeSuite loadFiles -->
  <testcase classname="com.POS.BaseClass.BaseClass" name="@BeforeTest loadConfig" time="0.0">
    <ignored/>
  </testcase> <!-- @BeforeTest loadConfig -->
</testsuite> <!-- ParallelMethodTest -->
