<?xml version="1.0" encoding="UTF-8"?>
<!-- Generated by org.testng.reporters.JUnitXMLReporter -->
<testsuite ignored="2" hostname="DESKTOP-9H86UB9" failures="0" tests="5" name="ParallelMethodTest" time="229.204" errors="0" timestamp="2023-03-21T18:06:20 GST">
  <testcase classname="com.POS.Testcases.VerifyHomePageTest" name="validateElementsDisplay" time="67.046">
    <skipped/>
  </testcase> <!-- validateElementsDisplay -->
  <testcase classname="com.POS.Testcases.VerifyHomePageTest" name="validateMenuDisplay" time="78.559">
    <skipped/>
  </testcase> <!-- validateMenuDisplay -->
  <testcase classname="com.POS.Testcases.VerifyHomePageTest" name="validateMenuDisplay" time="7.861">
    <skipped/>
  </testcase> <!-- validateMenuDisplay -->
  <testcase classname="com.POS.Testcases.VerifyHomePageTest" name="validateElementsDisplay" time="7.868"/>
  <testcase classname="com.POS.Testcases.VerifyHomePageTest" name="validateMenuDisplay" time="4.397"/>
  <testcase classname="com.POS.Testcases.VerifyHomePageTest" name="validateLanguageSelection" time="0.0">
    <ignored/>
  </testcase> <!-- validateLanguageSelection -->
  <testcase classname="com.POS.Testcases.VerifyHomePageTest" name="validateMenuClick" time="0.0">
    <ignored/>
  </testcase> <!-- validateMenuClick -->
</testsuite> <!-- ParallelMethodTest -->
