<?xml version="1.0" encoding="UTF-8"?>
<!-- Generated by org.testng.reporters.JUnitXMLReporter -->
<testsuite ignored="7" hostname="DESKTOP-9H86UB9" failures="0" tests="2" name="Test" time="212.196" errors="0" timestamp="2023-03-20T16:27:33 GST">
  <testcase classname="com.POS.Testcases.VerifyProductPageTest" name="validateAddProduct" time="55.495"/>
  <testcase classname="com.POS.Testcases.VerifyProductPageTest" name="validateSearchPdt" time="17.667"/>
  <testcase classname="com.POS.Testcases.VerifyProductPageTest" name="validateUploadCSV" time="0.0">
    <ignored/>
  </testcase> <!-- validateUploadCSV -->
  <testcase classname="com.POS.Testcases.VerifyProductPageTest" name="validateShowPdtTblCount" time="0.0">
    <ignored/>
  </testcase> <!-- validateShowPdtTblCount -->
  <testcase classname="com.POS.Testcases.VerifyProductPageTest" name="validateFilterBySupplier" time="0.0">
    <ignored/>
  </testcase> <!-- validateFilterBySupplier -->
  <testcase classname="com.POS.Testcases.VerifyProductPageTest" name="validateDownloadCSV" time="0.0">
    <ignored/>
  </testcase> <!-- validateDownloadCSV -->
  <testcase classname="com.POS.Testcases.VerifyProductPageTest" name="validateFilterByPdtType" time="0.0">
    <ignored/>
  </testcase> <!-- validateFilterByPdtType -->
  <testcase classname="com.POS.Testcases.VerifyProductPageTest" name="validatePrintMenu" time="0.0">
    <ignored/>
  </testcase> <!-- validatePrintMenu -->
  <testcase classname="com.POS.Testcases.VerifyProductPageTest" name="validateFilterBySupPdtType" time="0.0">
    <ignored/>
  </testcase> <!-- validateFilterBySupPdtType -->
</testsuite> <!-- Test -->
