<?xml version="1.0" encoding="UTF-8"?>
<!-- Generated by org.testng.reporters.JUnitXMLReporter -->
<testsuite ignored="3" hostname="DESKTOP-9H86UB9" failures="0" tests="1" name="Test" time="80.936" errors="0" timestamp="2023-03-21T17:59:53 GST">
  <testcase classname="com.POS.Testcases.VerifyHomePageTest" name="validateLanguageSelection" time="12.134"/>
  <testcase classname="com.POS.Testcases.VerifyHomePageTest" name="validateMenuClick" time="0.0">
    <ignored/>
  </testcase> <!-- validateMenuClick -->
  <testcase classname="com.POS.Testcases.VerifyHomePageTest" name="validateMenuDisplay" time="0.0">
    <ignored/>
  </testcase> <!-- validateMenuDisplay -->
  <testcase classname="com.POS.Testcases.VerifyHomePageTest" name="validateElementsDisplay" time="0.0">
    <ignored/>
  </testcase> <!-- validateElementsDisplay -->
</testsuite> <!-- Test -->
