-------------------------------------------------------------------------------
Test set: TestSuite
-------------------------------------------------------------------------------
Tests run: 6, Failures: 1, Errors: 0, Skipped: 2, Time elapsed: 277.76 s <<< FAILURE! - in TestSuite
com.POS.Testcases.VerifyHomePageTest.validateMenuClick  Time elapsed: 21.007 s  <<< FAILURE!
java.lang.StackOverflowError
	at com.POS.PageObjects.Store.tableStore(Store.java:81)
	at com.POS.PageObjects.Store.tableStore(Store.java:81)
	at com.POS.PageObjects.Store.tableStore(Store.java:81)
	at com.POS.PageObjects.Store.tableStore(Store.java:81)
	at com.POS.PageObjects.Store.tableStore(Store.java:81)
	at com.POS.PageObjects.Store.tableStore(Store.java:81)
	at com.POS.PageObjects.Store.tableStore(Store.java:81)
	at com.POS.PageObjects.Store.tableStore(Store.java:81)
	at com.POS.PageObjects.Store.tableStore(Store.java:81)
	at com.POS.PageObjects.Store.tableStore(Store.java:81)
	at com.POS.PageObjects.Store.tableStore(Store.java:81)
	at com.POS.PageObjects.Store.tableStore(Store.java:81)
	at com.POS.PageObjects.Store.tableStore(Store.java:81)
	at com.POS.PageObjects.Store.tableStore(Store.java:81)
	at com.POS.PageObjects.Store.tableStore(Store.java:81)
	at com.POS.PageObjects.Store.tableStore(Store.java:81)
	at com.POS.PageObjects.Store.tableStore(Store.java:81)
	at com.POS.PageObjects.Store.tableStore(Store.java:81)
	at com.POS.PageObjects.Store.tableStore(Store.java:81)
	at com.POS.PageObjects.Store.tableStore(Store.java:81)
	at com.POS.PageObjects.Store.tableStore(Store.java:81)
	at com.POS.PageObjects.Store.tableStore(Store.java:81)
	at com.POS.PageObjects.Store.tableStore(Store.java:81)
	at com.POS.PageObjects.Store.tableStore(Store.java:81)
	at com.POS.PageObjects.Store.tableStore(Store.java:81)
	at com.POS.PageObjects.Store.tableStore(Store.java:81)
	at com.POS.PageObjects.Store.tableStore(Store.java:81)
	at com.POS.PageObjects.Store.tableStore(Store.java:81)
	at com.POS.PageObjects.Store.tableStore(Store.java:81)
	at com.POS.PageObjects.Store.tableStore(Store.java:81)
	at com.POS.PageObjects.Store.tableStore(Store.java:81)
	at com.POS.PageObjects.Store.tableStore(Store.java:81)
	at com.POS.PageObjects.Store.tableStore(Store.java:81)
	at com.POS.PageObjects.Store.tableStore(Store.java:81)
	at com.POS.PageObjects.Store.tableStore(Store.java:81)
	at com.POS.PageObjects.Store.tableStore(Store.java:81)
	at com.POS.PageObjects.Store.tableStore(Store.java:81)
	at com.POS.PageObjects.Store.tableStore(Store.java:81)
	at com.POS.PageObjects.Store.tableStore(Store.java:81)
	at com.POS.PageObjects.Store.tableStore(Store.java:81)
	at com.POS.PageObjects.Store.tableStore(Store.java:81)
	at com.POS.PageObjects.Store.tableStore(Store.java:81)
	at com.POS.PageObjects.Store.tableStore(Store.java:81)
	at com.POS.PageObjects.Store.tableStore(Store.java:81)
	at com.POS.PageObjects.Store.tableStore(Store.java:81)
	at com.POS.PageObjects.Store.tableStore(Store.java:81)
	at com.POS.PageObjects.Store.tableStore(Store.java:81)
	at com.POS.PageObjects.Store.tableStore(Store.java:81)
	at com.POS.PageObjects.Store.tableStore(Store.java:81)
	at com.POS.PageObjects.Store.tableStore(Store.java:81)
	at com.POS.PageObjects.Store.tableStore(Store.java:81)
	at com.POS.PageObjects.Store.tableStore(Store.java:81)
	at com.POS.PageObjects.Store.tableStore(Store.java:81)
	at com.POS.PageObjects.Store.tableStore(Store.java:81)
	at com.POS.PageObjects.Store.tableStore(Store.java:81)
	at com.POS.PageObjects.Store.tableStore(Store.java:81)
	at com.POS.PageObjects.Store.tableStore(Store.java:81)
	at com.POS.PageObjects.Store.tableStore(Store.java:81)
	at com.POS.PageObjects.Store.tableStore(Store.java:81)
	at com.POS.PageObjects.Store.tableStore(Store.java:81)
	at com.POS.PageObjects.Store.tableStore(Store.java:81)
	at com.POS.PageObjects.Store.tableStore(Store.java:81)
	at com.POS.PageObjects.Store.tableStore(Store.java:81)
	at com.POS.PageObjects.Store.tableStore(Store.java:81)
	at com.POS.PageObjects.Store.tableStore(Store.java:81)
	at com.POS.PageObjects.Store.tableStore(Store.java:81)
	at com.POS.PageObjects.Store.tableStore(Store.java:81)
	at com.POS.PageObjects.Store.tableStore(Store.java:81)
	at com.POS.PageObjects.Store.tableStore(Store.java:81)
	at com.POS.PageObjects.Store.tableStore(Store.java:81)
	at com.POS.PageObjects.Store.tableStore(Store.java:81)
	at com.POS.PageObjects.Store.tableStore(Store.java:81)
	at com.POS.PageObjects.Store.tableStore(Store.java:81)
	at com.POS.PageObjects.Store.tableStore(Store.java:81)
	at com.POS.PageObjects.Store.tableStore(Store.java:81)
	at com.POS.PageObjects.Store.tableStore(Store.java:81)
	at com.POS.PageObjects.Store.tableStore(Store.java:81)
	at com.POS.PageObjects.Store.tableStore(Store.java:81)
	at com.POS.PageObjects.Store.tableStore(Store.java:81)
	at com.POS.PageObjects.Store.tableStore(Store.java:81)
	at com.POS.PageObjects.Store.tableStore(Store.java:81)
	at com.POS.PageObjects.Store.tableStore(Store.java:81)
	at com.POS.PageObjects.Store.tableStore(Store.java:81)
	at com.POS.PageObjects.Store.tableStore(Store.java:81)
	at com.POS.PageObjects.Store.tableStore(Store.java:81)
	at com.POS.PageObjects.Store.tableStore(Store.java:81)
	at com.POS.PageObjects.Store.tableStore(Store.java:81)
	at com.POS.PageObjects.Store.tableStore(Store.java:81)
	at com.POS.PageObjects.Store.tableStore(Store.java:81)
	at com.POS.PageObjects.Store.tableStore(Store.java:81)
	at com.POS.PageObjects.Store.tableStore(Store.java:81)
	at com.POS.PageObjects.Store.tableStore(Store.java:81)
	at com.POS.PageObjects.Store.tableStore(Store.java:81)
	at com.POS.PageObjects.Store.tableStore(Store.java:81)
	at com.POS.PageObjects.Store.tableStore(Store.java:81)
	at com.POS.PageObjects.Store.tableStore(Store.java:81)
	at com.POS.PageObjects.Store.tableStore(Store.java:81)
	at com.POS.PageObjects.Store.tableStore(Store.java:81)
	at com.POS.PageObjects.Store.tableStore(Store.java:81)
	at com.POS.PageObjects.Store.tableStore(Store.java:81)
	at com.POS.PageObjects.Store.tableStore(Store.java:81)
	at com.POS.PageObjects.Store.tableStore(Store.java:81)
	at com.POS.PageObjects.Store.tableStore(Store.java:81)
	at com.POS.PageObjects.Store.tableStore(Store.java:81)
	at com.POS.PageObjects.Store.tableStore(Store.java:81)
	at com.POS.PageObjects.Store.tableStore(Store.java:81)
	at com.POS.PageObjects.Store.tableStore(Store.java:81)
	at com.POS.PageObjects.Store.tableStore(Store.java:81)
	at com.POS.PageObjects.Store.tableStore(Store.java:81)
	at com.POS.PageObjects.Store.tableStore(Store.java:81)
	at com.POS.PageObjects.Store.tableStore(Store.java:81)
	at com.POS.PageObjects.Store.tableStore(Store.java:81)
	at com.POS.PageObjects.Store.tableStore(Store.java:81)
	at com.POS.PageObjects.Store.tableStore(Store.java:81)
	at com.POS.PageObjects.Store.tableStore(Store.java:81)
	at com.POS.PageObjects.Store.tableStore(Store.java:81)
	at com.POS.PageObjects.Store.tableStore(Store.java:81)
	at com.POS.PageObjects.Store.tableStore(Store.java:81)
	at com.POS.PageObjects.Store.tableStore(Store.java:81)
	at com.POS.PageObjects.Store.tableStore(Store.java:81)
	at com.POS.PageObjects.Store.tableStore(Store.java:81)
	at com.POS.PageObjects.Store.tableStore(Store.java:81)
	at com.POS.PageObjects.Store.tableStore(Store.java:81)
	at com.POS.PageObjects.Store.tableStore(Store.java:81)
	at com.POS.PageObjects.Store.tableStore(Store.java:81)
	at com.POS.PageObjects.Store.tableStore(Store.java:81)
	at com.POS.PageObjects.Store.tableStore(Store.java:81)
	at com.POS.PageObjects.Store.tableStore(Store.java:81)
	at com.POS.PageObjects.Store.tableStore(Store.java:81)
	at com.POS.PageObjects.Store.tableStore(Store.java:81)
	at com.POS.PageObjects.Store.tableStore(Store.java:81)
	at com.POS.PageObjects.Store.tableStore(Store.java:81)
	at com.POS.PageObjects.Store.tableStore(Store.java:81)
	at com.POS.PageObjects.Store.tableStore(Store.java:81)
	at com.POS.PageObjects.Store.tableStore(Store.java:81)
	at com.POS.PageObjects.Store.tableStore(Store.java:81)
	at com.POS.PageObjects.Store.tableStore(Store.java:81)
	at com.POS.PageObjects.Store.tableStore(Store.java:81)
	at com.POS.PageObjects.Store.tableStore(Store.java:81)
	at com.POS.PageObjects.Store.tableStore(Store.java:81)
	at com.POS.PageObjects.Store.tableStore(Store.java:81)
	at com.POS.PageObjects.Store.tableStore(Store.java:81)
	at com.POS.PageObjects.Store.tableStore(Store.java:81)
	at com.POS.PageObjects.Store.tableStore(Store.java:81)
	at com.POS.PageObjects.Store.tableStore(Store.java:81)
	at com.POS.PageObjects.Store.tableStore(Store.java:81)
	at com.POS.PageObjects.Store.tableStore(Store.java:81)
	at com.POS.PageObjects.Store.tableStore(Store.java:81)
	at com.POS.PageObjects.Store.tableStore(Store.java:81)
	at com.POS.PageObjects.Store.tableStore(Store.java:81)
	at com.POS.PageObjects.Store.tableStore(Store.java:81)
	at com.POS.PageObjects.Store.tableStore(Store.java:81)
	at com.POS.PageObjects.Store.tableStore(Store.java:81)
	at com.POS.PageObjects.Store.tableStore(Store.java:81)
	at com.POS.PageObjects.Store.tableStore(Store.java:81)
	at com.POS.PageObjects.Store.tableStore(Store.java:81)
	at com.POS.PageObjects.Store.tableStore(Store.java:81)
	at com.POS.PageObjects.Store.tableStore(Store.java:81)
	at com.POS.PageObjects.Store.tableStore(Store.java:81)
	at com.POS.PageObjects.Store.tableStore(Store.java:81)
	at com.POS.PageObjects.Store.tableStore(Store.java:81)
	at com.POS.PageObjects.Store.tableStore(Store.java:81)
	at com.POS.PageObjects.Store.tableStore(Store.java:81)
	at com.POS.PageObjects.Store.tableStore(Store.java:81)
	at com.POS.PageObjects.Store.tableStore(Store.java:81)
	at com.POS.PageObjects.Store.tableStore(Store.java:81)
	at com.POS.PageObjects.Store.tableStore(Store.java:81)
	at com.POS.PageObjects.Store.tableStore(Store.java:81)
	at com.POS.PageObjects.Store.tableStore(Store.java:81)
	at com.POS.PageObjects.Store.tableStore(Store.java:81)
	at com.POS.PageObjects.Store.tableStore(Store.java:81)
	at com.POS.PageObjects.Store.tableStore(Store.java:81)
	at com.POS.PageObjects.Store.tableStore(Store.java:81)
	at com.POS.PageObjects.Store.tableStore(Store.java:81)
	at com.POS.PageObjects.Store.tableStore(Store.java:81)
	at com.POS.PageObjects.Store.tableStore(Store.java:81)
	at com.POS.PageObjects.Store.tableStore(Store.java:81)
	at com.POS.PageObjects.Store.tableStore(Store.java:81)
	at com.POS.PageObjects.Store.tableStore(Store.java:81)
	at com.POS.PageObjects.Store.tableStore(Store.java:81)
	at com.POS.PageObjects.Store.tableStore(Store.java:81)
	at com.POS.PageObjects.Store.tableStore(Store.java:81)
	at com.POS.PageObjects.Store.tableStore(Store.java:81)
	at com.POS.PageObjects.Store.tableStore(Store.java:81)
	at com.POS.PageObjects.Store.tableStore(Store.java:81)
	at com.POS.PageObjects.Store.tableStore(Store.java:81)
	at com.POS.PageObjects.Store.tableStore(Store.java:81)
	at com.POS.PageObjects.Store.tableStore(Store.java:81)
	at com.POS.PageObjects.Store.tableStore(Store.java:81)
	at com.POS.PageObjects.Store.tableStore(Store.java:81)
	at com.POS.PageObjects.Store.tableStore(Store.java:81)
	at com.POS.PageObjects.Store.tableStore(Store.java:81)
	at com.POS.PageObjects.Store.tableStore(Store.java:81)
	at com.POS.PageObjects.Store.tableStore(Store.java:81)
	at com.POS.PageObjects.Store.tableStore(Store.java:81)
	at com.POS.PageObjects.Store.tableStore(Store.java:81)
	at com.POS.PageObjects.Store.tableStore(Store.java:81)
	at com.POS.PageObjects.Store.tableStore(Store.java:81)
	at com.POS.PageObjects.Store.tableStore(Store.java:81)
	at com.POS.PageObjects.Store.tableStore(Store.java:81)
	at com.POS.PageObjects.Store.tableStore(Store.java:81)
	at com.POS.PageObjects.Store.tableStore(Store.java:81)
	at com.POS.PageObjects.Store.tableStore(Store.java:81)
	at com.POS.PageObjects.Store.tableStore(Store.java:81)
	at com.POS.PageObjects.Store.tableStore(Store.java:81)
	at com.POS.PageObjects.Store.tableStore(Store.java:81)
	at com.POS.PageObjects.Store.tableStore(Store.java:81)
	at com.POS.PageObjects.Store.tableStore(Store.java:81)
	at com.POS.PageObjects.Store.tableStore(Store.java:81)
	at com.POS.PageObjects.Store.tableStore(Store.java:81)
	at com.POS.PageObjects.Store.tableStore(Store.java:81)
	at com.POS.PageObjects.Store.tableStore(Store.java:81)
	at com.POS.PageObjects.Store.tableStore(Store.java:81)
	at com.POS.PageObjects.Store.tableStore(Store.java:81)
	at com.POS.PageObjects.Store.tableStore(Store.java:81)
	at com.POS.PageObjects.Store.tableStore(Store.java:81)
	at com.POS.PageObjects.Store.tableStore(Store.java:81)
	at com.POS.PageObjects.Store.tableStore(Store.java:81)
	at com.POS.PageObjects.Store.tableStore(Store.java:81)
	at com.POS.PageObjects.Store.tableStore(Store.java:81)
	at com.POS.PageObjects.Store.tableStore(Store.java:81)
	at com.POS.PageObjects.Store.tableStore(Store.java:81)
	at com.POS.PageObjects.Store.tableStore(Store.java:81)
	at com.POS.PageObjects.Store.tableStore(Store.java:81)
	at com.POS.PageObjects.Store.tableStore(Store.java:81)
	at com.POS.PageObjects.Store.tableStore(Store.java:81)
	at com.POS.PageObjects.Store.tableStore(Store.java:81)
	at com.POS.PageObjects.Store.tableStore(Store.java:81)
	at com.POS.PageObjects.Store.tableStore(Store.java:81)
	at com.POS.PageObjects.Store.tableStore(Store.java:81)
	at com.POS.PageObjects.Store.tableStore(Store.java:81)
	at com.POS.PageObjects.Store.tableStore(Store.java:81)
	at com.POS.PageObjects.Store.tableStore(Store.java:81)
	at com.POS.PageObjects.Store.tableStore(Store.java:81)
	at com.POS.PageObjects.Store.tableStore(Store.java:81)
	at com.POS.PageObjects.Store.tableStore(Store.java:81)
	at com.POS.PageObjects.Store.tableStore(Store.java:81)
	at com.POS.PageObjects.Store.tableStore(Store.java:81)
	at com.POS.PageObjects.Store.tableStore(Store.java:81)
	at com.POS.PageObjects.Store.tableStore(Store.java:81)
	at com.POS.PageObjects.Store.tableStore(Store.java:81)
	at com.POS.PageObjects.Store.tableStore(Store.java:81)
	at com.POS.PageObjects.Store.tableStore(Store.java:81)
	at com.POS.PageObjects.Store.tableStore(Store.java:81)
	at com.POS.PageObjects.Store.tableStore(Store.java:81)
	at com.POS.PageObjects.Store.tableStore(Store.java:81)
	at com.POS.PageObjects.Store.tableStore(Store.java:81)
	at com.POS.PageObjects.Store.tableStore(Store.java:81)
	at com.POS.PageObjects.Store.tableStore(Store.java:81)
	at com.POS.PageObjects.Store.tableStore(Store.java:81)
	at com.POS.PageObjects.Store.tableStore(Store.java:81)
	at com.POS.PageObjects.Store.tableStore(Store.java:81)
	at com.POS.PageObjects.Store.tableStore(Store.java:81)
	at com.POS.PageObjects.Store.tableStore(Store.java:81)
	at com.POS.PageObjects.Store.tableStore(Store.java:81)
	at com.POS.PageObjects.Store.tableStore(Store.java:81)
	at com.POS.PageObjects.Store.tableStore(Store.java:81)
	at com.POS.PageObjects.Store.tableStore(Store.java:81)
	at com.POS.PageObjects.Store.tableStore(Store.java:81)
	at com.POS.PageObjects.Store.tableStore(Store.java:81)
	at com.POS.PageObjects.Store.tableStore(Store.java:81)
	at com.POS.PageObjects.Store.tableStore(Store.java:81)
	at com.POS.PageObjects.Store.tableStore(Store.java:81)
	at com.POS.PageObjects.Store.tableStore(Store.java:81)
	at com.POS.PageObjects.Store.tableStore(Store.java:81)
	at com.POS.PageObjects.Store.tableStore(Store.java:81)
	at com.POS.PageObjects.Store.tableStore(Store.java:81)
	at com.POS.PageObjects.Store.tableStore(Store.java:81)
	at com.POS.PageObjects.Store.tableStore(Store.java:81)
	at com.POS.PageObjects.Store.tableStore(Store.java:81)
	at com.POS.PageObjects.Store.tableStore(Store.java:81)
	at com.POS.PageObjects.Store.tableStore(Store.java:81)
	at com.POS.PageObjects.Store.tableStore(Store.java:81)
	at com.POS.PageObjects.Store.tableStore(Store.java:81)
	at com.POS.PageObjects.Store.tableStore(Store.java:81)
	at com.POS.PageObjects.Store.tableStore(Store.java:81)
	at com.POS.PageObjects.Store.tableStore(Store.java:81)
	at com.POS.PageObjects.Store.tableStore(Store.java:81)
	at com.POS.PageObjects.Store.tableStore(Store.java:81)
	at com.POS.PageObjects.Store.tableStore(Store.java:81)
	at com.POS.PageObjects.Store.tableStore(Store.java:81)
	at com.POS.PageObjects.Store.tableStore(Store.java:81)
	at com.POS.PageObjects.Store.tableStore(Store.java:81)
	at com.POS.PageObjects.Store.tableStore(Store.java:81)
	at com.POS.PageObjects.Store.tableStore(Store.java:81)
	at com.POS.PageObjects.Store.tableStore(Store.java:81)
	at com.POS.PageObjects.Store.tableStore(Store.java:81)
	at com.POS.PageObjects.Store.tableStore(Store.java:81)
	at com.POS.PageObjects.Store.tableStore(Store.java:81)
	at com.POS.PageObjects.Store.tableStore(Store.java:81)
	at com.POS.PageObjects.Store.tableStore(Store.java:81)
	at com.POS.PageObjects.Store.tableStore(Store.java:81)
	at com.POS.PageObjects.Store.tableStore(Store.java:81)
	at com.POS.PageObjects.Store.tableStore(Store.java:81)
	at com.POS.PageObjects.Store.tableStore(Store.java:81)
	at com.POS.PageObjects.Store.tableStore(Store.java:81)
	at com.POS.PageObjects.Store.tableStore(Store.java:81)
	at com.POS.PageObjects.Store.tableStore(Store.java:81)
	at com.POS.PageObjects.Store.tableStore(Store.java:81)
	at com.POS.PageObjects.Store.tableStore(Store.java:81)
	at com.POS.PageObjects.Store.tableStore(Store.java:81)
	at com.POS.PageObjects.Store.tableStore(Store.java:81)
	at com.POS.PageObjects.Store.tableStore(Store.java:81)
	at com.POS.PageObjects.Store.tableStore(Store.java:81)
	at com.POS.PageObjects.Store.tableStore(Store.java:81)
	at com.POS.PageObjects.Store.tableStore(Store.java:81)
	at com.POS.PageObjects.Store.tableStore(Store.java:81)
	at com.POS.PageObjects.Store.tableStore(Store.java:81)
	at com.POS.PageObjects.Store.tableStore(Store.java:81)
	at com.POS.PageObjects.Store.tableStore(Store.java:81)
	at com.POS.PageObjects.Store.tableStore(Store.java:81)
	at com.POS.PageObjects.Store.tableStore(Store.java:81)
	at com.POS.PageObjects.Store.tableStore(Store.java:81)
	at com.POS.PageObjects.Store.tableStore(Store.java:81)
	at com.POS.PageObjects.Store.tableStore(Store.java:81)
	at com.POS.PageObjects.Store.tableStore(Store.java:81)
	at com.POS.PageObjects.Store.tableStore(Store.java:81)
	at com.POS.PageObjects.Store.tableStore(Store.java:81)
	at com.POS.PageObjects.Store.tableStore(Store.java:81)
	at com.POS.PageObjects.Store.tableStore(Store.java:81)
	at com.POS.PageObjects.Store.tableStore(Store.java:81)
	at com.POS.PageObjects.Store.tableStore(Store.java:81)
	at com.POS.PageObjects.Store.tableStore(Store.java:81)
	at com.POS.PageObjects.Store.tableStore(Store.java:81)
	at com.POS.PageObjects.Store.tableStore(Store.java:81)
	at com.POS.PageObjects.Store.tableStore(Store.java:81)
	at com.POS.PageObjects.Store.tableStore(Store.java:81)
	at com.POS.PageObjects.Store.tableStore(Store.java:81)
	at com.POS.PageObjects.Store.tableStore(Store.java:81)
	at com.POS.PageObjects.Store.tableStore(Store.java:81)
	at com.POS.PageObjects.Store.tableStore(Store.java:81)
	at com.POS.PageObjects.Store.tableStore(Store.java:81)
	at com.POS.PageObjects.Store.tableStore(Store.java:81)
	at com.POS.PageObjects.Store.tableStore(Store.java:81)
	at com.POS.PageObjects.Store.tableStore(Store.java:81)
	at com.POS.PageObjects.Store.tableStore(Store.java:81)
	at com.POS.PageObjects.Store.tableStore(Store.java:81)
	at com.POS.PageObjects.Store.tableStore(Store.java:81)
	at com.POS.PageObjects.Store.tableStore(Store.java:81)
	at com.POS.PageObjects.Store.tableStore(Store.java:81)
	at com.POS.PageObjects.Store.tableStore(Store.java:81)
	at com.POS.PageObjects.Store.tableStore(Store.java:81)
	at com.POS.PageObjects.Store.tableStore(Store.java:81)
	at com.POS.PageObjects.Store.tableStore(Store.java:81)
	at com.POS.PageObjects.Store.tableStore(Store.java:81)
	at com.POS.PageObjects.Store.tableStore(Store.java:81)
	at com.POS.PageObjects.Store.tableStore(Store.java:81)
	at com.POS.PageObjects.Store.tableStore(Store.java:81)
	at com.POS.PageObjects.Store.tableStore(Store.java:81)
	at com.POS.PageObjects.Store.tableStore(Store.java:81)
	at com.POS.PageObjects.Store.tableStore(Store.java:81)
	at com.POS.PageObjects.Store.tableStore(Store.java:81)
	at com.POS.PageObjects.Store.tableStore(Store.java:81)
	at com.POS.PageObjects.Store.tableStore(Store.java:81)
	at com.POS.PageObjects.Store.tableStore(Store.java:81)
	at com.POS.PageObjects.Store.tableStore(Store.java:81)
	at com.POS.PageObjects.Store.tableStore(Store.java:81)
	at com.POS.PageObjects.Store.tableStore(Store.java:81)
	at com.POS.PageObjects.Store.tableStore(Store.java:81)
	at com.POS.PageObjects.Store.tableStore(Store.java:81)
	at com.POS.PageObjects.Store.tableStore(Store.java:81)
	at com.POS.PageObjects.Store.tableStore(Store.java:81)
	at com.POS.PageObjects.Store.tableStore(Store.java:81)
	at com.POS.PageObjects.Store.tableStore(Store.java:81)
	at com.POS.PageObjects.Store.tableStore(Store.java:81)
	at com.POS.PageObjects.Store.tableStore(Store.java:81)
	at com.POS.PageObjects.Store.tableStore(Store.java:81)
	at com.POS.PageObjects.Store.tableStore(Store.java:81)
	at com.POS.PageObjects.Store.tableStore(Store.java:81)
	at com.POS.PageObjects.Store.tableStore(Store.java:81)
	at com.POS.PageObjects.Store.tableStore(Store.java:81)
	at com.POS.PageObjects.Store.tableStore(Store.java:81)
	at com.POS.PageObjects.Store.tableStore(Store.java:81)
	at com.POS.PageObjects.Store.tableStore(Store.java:81)
	at com.POS.PageObjects.Store.tableStore(Store.java:81)
	at com.POS.PageObjects.Store.tableStore(Store.java:81)
	at com.POS.PageObjects.Store.tableStore(Store.java:81)
	at com.POS.PageObjects.Store.tableStore(Store.java:81)
	at com.POS.PageObjects.Store.tableStore(Store.java:81)
	at com.POS.PageObjects.Store.tableStore(Store.java:81)
	at com.POS.PageObjects.Store.tableStore(Store.java:81)
	at com.POS.PageObjects.Store.tableStore(Store.java:81)
	at com.POS.PageObjects.Store.tableStore(Store.java:81)
	at com.POS.PageObjects.Store.tableStore(Store.java:81)
	at com.POS.PageObjects.Store.tableStore(Store.java:81)
	at com.POS.PageObjects.Store.tableStore(Store.java:81)
	at com.POS.PageObjects.Store.tableStore(Store.java:81)
	at com.POS.PageObjects.Store.tableStore(Store.java:81)
	at com.POS.PageObjects.Store.tableStore(Store.java:81)
	at com.POS.PageObjects.Store.tableStore(Store.java:81)
	at com.POS.PageObjects.Store.tableStore(Store.java:81)
	at com.POS.PageObjects.Store.tableStore(Store.java:81)
	at com.POS.PageObjects.Store.tableStore(Store.java:81)
	at com.POS.PageObjects.Store.tableStore(Store.java:81)
	at com.POS.PageObjects.Store.tableStore(Store.java:81)
	at com.POS.PageObjects.Store.tableStore(Store.java:81)
	at com.POS.PageObjects.Store.tableStore(Store.java:81)
	at com.POS.PageObjects.Store.tableStore(Store.java:81)
	at com.POS.PageObjects.Store.tableStore(Store.java:81)
	at com.POS.PageObjects.Store.tableStore(Store.java:81)
	at com.POS.PageObjects.Store.tableStore(Store.java:81)
	at com.POS.PageObjects.Store.tableStore(Store.java:81)
	at com.POS.PageObjects.Store.tableStore(Store.java:81)
	at com.POS.PageObjects.Store.tableStore(Store.java:81)
	at com.POS.PageObjects.Store.tableStore(Store.java:81)
	at com.POS.PageObjects.Store.tableStore(Store.java:81)
	at com.POS.PageObjects.Store.tableStore(Store.java:81)
	at com.POS.PageObjects.Store.tableStore(Store.java:81)
	at com.POS.PageObjects.Store.tableStore(Store.java:81)
	at com.POS.PageObjects.Store.tableStore(Store.java:81)
	at com.POS.PageObjects.Store.tableStore(Store.java:81)
	at com.POS.PageObjects.Store.tableStore(Store.java:81)
	at com.POS.PageObjects.Store.tableStore(Store.java:81)
	at com.POS.PageObjects.Store.tableStore(Store.java:81)
	at com.POS.PageObjects.Store.tableStore(Store.java:81)
	at com.POS.PageObjects.Store.tableStore(Store.java:81)
	at com.POS.PageObjects.Store.tableStore(Store.java:81)
	at com.POS.PageObjects.Store.tableStore(Store.java:81)
	at com.POS.PageObjects.Store.tableStore(Store.java:81)
	at com.POS.PageObjects.Store.tableStore(Store.java:81)
	at com.POS.PageObjects.Store.tableStore(Store.java:81)
	at com.POS.PageObjects.Store.tableStore(Store.java:81)
	at com.POS.PageObjects.Store.tableStore(Store.java:81)
	at com.POS.PageObjects.Store.tableStore(Store.java:81)
	at com.POS.PageObjects.Store.tableStore(Store.java:81)
	at com.POS.PageObjects.Store.tableStore(Store.java:81)
	at com.POS.PageObjects.Store.tableStore(Store.java:81)
	at com.POS.PageObjects.Store.tableStore(Store.java:81)
	at com.POS.PageObjects.Store.tableStore(Store.java:81)
	at com.POS.PageObjects.Store.tableStore(Store.java:81)
	at com.POS.PageObjects.Store.tableStore(Store.java:81)
	at com.POS.PageObjects.Store.tableStore(Store.java:81)
	at com.POS.PageObjects.Store.tableStore(Store.java:81)
	at com.POS.PageObjects.Store.tableStore(Store.java:81)
	at com.POS.PageObjects.Store.tableStore(Store.java:81)
	at com.POS.PageObjects.Store.tableStore(Store.java:81)
	at com.POS.PageObjects.Store.tableStore(Store.java:81)
	at com.POS.PageObjects.Store.tableStore(Store.java:81)
	at com.POS.PageObjects.Store.tableStore(Store.java:81)
	at com.POS.PageObjects.Store.tableStore(Store.java:81)
	at com.POS.PageObjects.Store.tableStore(Store.java:81)
	at com.POS.PageObjects.Store.tableStore(Store.java:81)
	at com.POS.PageObjects.Store.tableStore(Store.java:81)
	at com.POS.PageObjects.Store.tableStore(Store.java:81)
	at com.POS.PageObjects.Store.tableStore(Store.java:81)
	at com.POS.PageObjects.Store.tableStore(Store.java:81)
	at com.POS.PageObjects.Store.tableStore(Store.java:81)
	at com.POS.PageObjects.Store.tableStore(Store.java:81)
	at com.POS.PageObjects.Store.tableStore(Store.java:81)
	at com.POS.PageObjects.Store.tableStore(Store.java:81)
	at com.POS.PageObjects.Store.tableStore(Store.java:81)
	at com.POS.PageObjects.Store.tableStore(Store.java:81)
	at com.POS.PageObjects.Store.tableStore(Store.java:81)
	at com.POS.PageObjects.Store.tableStore(Store.java:81)
	at com.POS.PageObjects.Store.tableStore(Store.java:81)
	at com.POS.PageObjects.Store.tableStore(Store.java:81)
	at com.POS.PageObjects.Store.tableStore(Store.java:81)
	at com.POS.PageObjects.Store.tableStore(Store.java:81)
	at com.POS.PageObjects.Store.tableStore(Store.java:81)
	at com.POS.PageObjects.Store.tableStore(Store.java:81)
	at com.POS.PageObjects.Store.tableStore(Store.java:81)
	at com.POS.PageObjects.Store.tableStore(Store.java:81)
	at com.POS.PageObjects.Store.tableStore(Store.java:81)
	at com.POS.PageObjects.Store.tableStore(Store.java:81)
	at com.POS.PageObjects.Store.tableStore(Store.java:81)
	at com.POS.PageObjects.Store.tableStore(Store.java:81)
	at com.POS.PageObjects.Store.tableStore(Store.java:81)
	at com.POS.PageObjects.Store.tableStore(Store.java:81)
	at com.POS.PageObjects.Store.tableStore(Store.java:81)
	at com.POS.PageObjects.Store.tableStore(Store.java:81)
	at com.POS.PageObjects.Store.tableStore(Store.java:81)
	at com.POS.PageObjects.Store.tableStore(Store.java:81)
	at com.POS.PageObjects.Store.tableStore(Store.java:81)
	at com.POS.PageObjects.Store.tableStore(Store.java:81)
	at com.POS.PageObjects.Store.tableStore(Store.java:81)
	at com.POS.PageObjects.Store.tableStore(Store.java:81)
	at com.POS.PageObjects.Store.tableStore(Store.java:81)
	at com.POS.PageObjects.Store.tableStore(Store.java:81)
	at com.POS.PageObjects.Store.tableStore(Store.java:81)
	at com.POS.PageObjects.Store.tableStore(Store.java:81)
	at com.POS.PageObjects.Store.tableStore(Store.java:81)
	at com.POS.PageObjects.Store.tableStore(Store.java:81)
	at com.POS.PageObjects.Store.tableStore(Store.java:81)
	at com.POS.PageObjects.Store.tableStore(Store.java:81)
	at com.POS.PageObjects.Store.tableStore(Store.java:81)
	at com.POS.PageObjects.Store.tableStore(Store.java:81)
	at com.POS.PageObjects.Store.tableStore(Store.java:81)
	at com.POS.PageObjects.Store.tableStore(Store.java:81)
	at com.POS.PageObjects.Store.tableStore(Store.java:81)
	at com.POS.PageObjects.Store.tableStore(Store.java:81)
	at com.POS.PageObjects.Store.tableStore(Store.java:81)
	at com.POS.PageObjects.Store.tableStore(Store.java:81)
	at com.POS.PageObjects.Store.tableStore(Store.java:81)
	at com.POS.PageObjects.Store.tableStore(Store.java:81)
	at com.POS.PageObjects.Store.tableStore(Store.java:81)
	at com.POS.PageObjects.Store.tableStore(Store.java:81)
	at com.POS.PageObjects.Store.tableStore(Store.java:81)
	at com.POS.PageObjects.Store.tableStore(Store.java:81)
	at com.POS.PageObjects.Store.tableStore(Store.java:81)
	at com.POS.PageObjects.Store.tableStore(Store.java:81)
	at com.POS.PageObjects.Store.tableStore(Store.java:81)
	at com.POS.PageObjects.Store.tableStore(Store.java:81)
	at com.POS.PageObjects.Store.tableStore(Store.java:81)
	at com.POS.PageObjects.Store.tableStore(Store.java:81)
	at com.POS.PageObjects.Store.tableStore(Store.java:81)
	at com.POS.PageObjects.Store.tableStore(Store.java:81)
	at com.POS.PageObjects.Store.tableStore(Store.java:81)
	at com.POS.PageObjects.Store.tableStore(Store.java:81)
	at com.POS.PageObjects.Store.tableStore(Store.java:81)
	at com.POS.PageObjects.Store.tableStore(Store.java:81)
	at com.POS.PageObjects.Store.tableStore(Store.java:81)
	at com.POS.PageObjects.Store.tableStore(Store.java:81)
	at com.POS.PageObjects.Store.tableStore(Store.java:81)
	at com.POS.PageObjects.Store.tableStore(Store.java:81)
	at com.POS.PageObjects.Store.tableStore(Store.java:81)
	at com.POS.PageObjects.Store.tableStore(Store.java:81)
	at com.POS.PageObjects.Store.tableStore(Store.java:81)
	at com.POS.PageObjects.Store.tableStore(Store.java:81)
	at com.POS.PageObjects.Store.tableStore(Store.java:81)
	at com.POS.PageObjects.Store.tableStore(Store.java:81)
	at com.POS.PageObjects.Store.tableStore(Store.java:81)
	at com.POS.PageObjects.Store.tableStore(Store.java:81)
	at com.POS.PageObjects.Store.tableStore(Store.java:81)
	at com.POS.PageObjects.Store.tableStore(Store.java:81)
	at com.POS.PageObjects.Store.tableStore(Store.java:81)
	at com.POS.PageObjects.Store.tableStore(Store.java:81)
	at com.POS.PageObjects.Store.tableStore(Store.java:81)
	at com.POS.PageObjects.Store.tableStore(Store.java:81)
	at com.POS.PageObjects.Store.tableStore(Store.java:81)
	at com.POS.PageObjects.Store.tableStore(Store.java:81)
	at com.POS.PageObjects.Store.tableStore(Store.java:81)
	at com.POS.PageObjects.Store.tableStore(Store.java:81)
	at com.POS.PageObjects.Store.tableStore(Store.java:81)
	at com.POS.PageObjects.Store.tableStore(Store.java:81)
	at com.POS.PageObjects.Store.tableStore(Store.java:81)
	at com.POS.PageObjects.Store.tableStore(Store.java:81)
	at com.POS.PageObjects.Store.tableStore(Store.java:81)
	at com.POS.PageObjects.Store.tableStore(Store.java:81)
	at com.POS.PageObjects.Store.tableStore(Store.java:81)
	at com.POS.PageObjects.Store.tableStore(Store.java:81)
	at com.POS.PageObjects.Store.tableStore(Store.java:81)
	at com.POS.PageObjects.Store.tableStore(Store.java:81)
	at com.POS.PageObjects.Store.tableStore(Store.java:81)
	at com.POS.PageObjects.Store.tableStore(Store.java:81)
	at com.POS.PageObjects.Store.tableStore(Store.java:81)
	at com.POS.PageObjects.Store.tableStore(Store.java:81)
	at com.POS.PageObjects.Store.tableStore(Store.java:81)
	at com.POS.PageObjects.Store.tableStore(Store.java:81)
	at com.POS.PageObjects.Store.tableStore(Store.java:81)
	at com.POS.PageObjects.Store.tableStore(Store.java:81)
	at com.POS.PageObjects.Store.tableStore(Store.java:81)
	at com.POS.PageObjects.Store.tableStore(Store.java:81)
	at com.POS.PageObjects.Store.tableStore(Store.java:81)
	at com.POS.PageObjects.Store.tableStore(Store.java:81)
	at com.POS.PageObjects.Store.tableStore(Store.java:81)
	at com.POS.PageObjects.Store.tableStore(Store.java:81)
	at com.POS.PageObjects.Store.tableStore(Store.java:81)
	at com.POS.PageObjects.Store.tableStore(Store.java:81)
	at com.POS.PageObjects.Store.tableStore(Store.java:81)
	at com.POS.PageObjects.Store.tableStore(Store.java:81)
	at com.POS.PageObjects.Store.tableStore(Store.java:81)
	at com.POS.PageObjects.Store.tableStore(Store.java:81)
	at com.POS.PageObjects.Store.tableStore(Store.java:81)
	at com.POS.PageObjects.Store.tableStore(Store.java:81)
	at com.POS.PageObjects.Store.tableStore(Store.java:81)
	at com.POS.PageObjects.Store.tableStore(Store.java:81)
	at com.POS.PageObjects.Store.tableStore(Store.java:81)
	at com.POS.PageObjects.Store.tableStore(Store.java:81)
	at com.POS.PageObjects.Store.tableStore(Store.java:81)
	at com.POS.PageObjects.Store.tableStore(Store.java:81)
	at com.POS.PageObjects.Store.tableStore(Store.java:81)
	at com.POS.PageObjects.Store.tableStore(Store.java:81)
	at com.POS.PageObjects.Store.tableStore(Store.java:81)
	at com.POS.PageObjects.Store.tableStore(Store.java:81)
	at com.POS.PageObjects.Store.tableStore(Store.java:81)
	at com.POS.PageObjects.Store.tableStore(Store.java:81)
	at com.POS.PageObjects.Store.tableStore(Store.java:81)
	at com.POS.PageObjects.Store.tableStore(Store.java:81)
	at com.POS.PageObjects.Store.tableStore(Store.java:81)
	at com.POS.PageObjects.Store.tableStore(Store.java:81)
	at com.POS.PageObjects.Store.tableStore(Store.java:81)
	at com.POS.PageObjects.Store.tableStore(Store.java:81)
	at com.POS.PageObjects.Store.tableStore(Store.java:81)
	at com.POS.PageObjects.Store.tableStore(Store.java:81)
	at com.POS.PageObjects.Store.tableStore(Store.java:81)
	at com.POS.PageObjects.Store.tableStore(Store.java:81)
	at com.POS.PageObjects.Store.tableStore(Store.java:81)
	at com.POS.PageObjects.Store.tableStore(Store.java:81)
	at com.POS.PageObjects.Store.tableStore(Store.java:81)
	at com.POS.PageObjects.Store.tableStore(Store.java:81)
	at com.POS.PageObjects.Store.tableStore(Store.java:81)
	at com.POS.PageObjects.Store.tableStore(Store.java:81)
	at com.POS.PageObjects.Store.tableStore(Store.java:81)
	at com.POS.PageObjects.Store.tableStore(Store.java:81)
	at com.POS.PageObjects.Store.tableStore(Store.java:81)
	at com.POS.PageObjects.Store.tableStore(Store.java:81)
	at com.POS.PageObjects.Store.tableStore(Store.java:81)
	at com.POS.PageObjects.Store.tableStore(Store.java:81)
	at com.POS.PageObjects.Store.tableStore(Store.java:81)
	at com.POS.PageObjects.Store.tableStore(Store.java:81)
	at com.POS.PageObjects.Store.tableStore(Store.java:81)
	at com.POS.PageObjects.Store.tableStore(Store.java:81)
	at com.POS.PageObjects.Store.tableStore(Store.java:81)
	at com.POS.PageObjects.Store.tableStore(Store.java:81)
	at com.POS.PageObjects.Store.tableStore(Store.java:81)
	at com.POS.PageObjects.Store.tableStore(Store.java:81)
	at com.POS.PageObjects.Store.tableStore(Store.java:81)
	at com.POS.PageObjects.Store.tableStore(Store.java:81)
	at com.POS.PageObjects.Store.tableStore(Store.java:81)
	at com.POS.PageObjects.Store.tableStore(Store.java:81)
	at com.POS.PageObjects.Store.tableStore(Store.java:81)
	at com.POS.PageObjects.Store.tableStore(Store.java:81)
	at com.POS.PageObjects.Store.tableStore(Store.java:81)
	at com.POS.PageObjects.Store.tableStore(Store.java:81)
	at com.POS.PageObjects.Store.tableStore(Store.java:81)
	at com.POS.PageObjects.Store.tableStore(Store.java:81)
	at com.POS.PageObjects.Store.tableStore(Store.java:81)
	at com.POS.PageObjects.Store.tableStore(Store.java:81)
	at com.POS.PageObjects.Store.tableStore(Store.java:81)
	at com.POS.PageObjects.Store.tableStore(Store.java:81)
	at com.POS.PageObjects.Store.tableStore(Store.java:81)
	at com.POS.PageObjects.Store.tableStore(Store.java:81)
	at com.POS.PageObjects.Store.tableStore(Store.java:81)
	at com.POS.PageObjects.Store.tableStore(Store.java:81)
	at com.POS.PageObjects.Store.tableStore(Store.java:81)
	at com.POS.PageObjects.Store.tableStore(Store.java:81)
	at com.POS.PageObjects.Store.tableStore(Store.java:81)
	at com.POS.PageObjects.Store.tableStore(Store.java:81)
	at com.POS.PageObjects.Store.tableStore(Store.java:81)
	at com.POS.PageObjects.Store.tableStore(Store.java:81)
	at com.POS.PageObjects.Store.tableStore(Store.java:81)
	at com.POS.PageObjects.Store.tableStore(Store.java:81)
	at com.POS.PageObjects.Store.tableStore(Store.java:81)
	at com.POS.PageObjects.Store.tableStore(Store.java:81)
	at com.POS.PageObjects.Store.tableStore(Store.java:81)
	at com.POS.PageObjects.Store.tableStore(Store.java:81)
	at com.POS.PageObjects.Store.tableStore(Store.java:81)
	at com.POS.PageObjects.Store.tableStore(Store.java:81)
	at com.POS.PageObjects.Store.tableStore(Store.java:81)
	at com.POS.PageObjects.Store.tableStore(Store.java:81)
	at com.POS.PageObjects.Store.tableStore(Store.java:81)
	at com.POS.PageObjects.Store.tableStore(Store.java:81)
	at com.POS.PageObjects.Store.tableStore(Store.java:81)
	at com.POS.PageObjects.Store.tableStore(Store.java:81)
	at com.POS.PageObjects.Store.tableStore(Store.java:81)
	at com.POS.PageObjects.Store.tableStore(Store.java:81)
	at com.POS.PageObjects.Store.tableStore(Store.java:81)
	at com.POS.PageObjects.Store.tableStore(Store.java:81)
	at com.POS.PageObjects.Store.tableStore(Store.java:81)
	at com.POS.PageObjects.Store.tableStore(Store.java:81)
	at com.POS.PageObjects.Store.tableStore(Store.java:81)
	at com.POS.PageObjects.Store.tableStore(Store.java:81)
	at com.POS.PageObjects.Store.tableStore(Store.java:81)
	at com.POS.PageObjects.Store.tableStore(Store.java:81)
	at com.POS.PageObjects.Store.tableStore(Store.java:81)
	at com.POS.PageObjects.Store.tableStore(Store.java:81)
	at com.POS.PageObjects.Store.tableStore(Store.java:81)
	at com.POS.PageObjects.Store.tableStore(Store.java:81)
	at com.POS.PageObjects.Store.tableStore(Store.java:81)
	at com.POS.PageObjects.Store.tableStore(Store.java:81)
	at com.POS.PageObjects.Store.tableStore(Store.java:81)
	at com.POS.PageObjects.Store.tableStore(Store.java:81)
	at com.POS.PageObjects.Store.tableStore(Store.java:81)
	at com.POS.PageObjects.Store.tableStore(Store.java:81)
	at com.POS.PageObjects.Store.tableStore(Store.java:81)
	at com.POS.PageObjects.Store.tableStore(Store.java:81)
	at com.POS.PageObjects.Store.tableStore(Store.java:81)
	at com.POS.PageObjects.Store.tableStore(Store.java:81)
	at com.POS.PageObjects.Store.tableStore(Store.java:81)
	at com.POS.PageObjects.Store.tableStore(Store.java:81)
	at com.POS.PageObjects.Store.tableStore(Store.java:81)
	at com.POS.PageObjects.Store.tableStore(Store.java:81)
	at com.POS.PageObjects.Store.tableStore(Store.java:81)
	at com.POS.PageObjects.Store.tableStore(Store.java:81)
	at com.POS.PageObjects.Store.tableStore(Store.java:81)
	at com.POS.PageObjects.Store.tableStore(Store.java:81)
	at com.POS.PageObjects.Store.tableStore(Store.java:81)
	at com.POS.PageObjects.Store.tableStore(Store.java:81)
	at com.POS.PageObjects.Store.tableStore(Store.java:81)
	at com.POS.PageObjects.Store.tableStore(Store.java:81)
	at com.POS.PageObjects.Store.tableStore(Store.java:81)
	at com.POS.PageObjects.Store.tableStore(Store.java:81)
	at com.POS.PageObjects.Store.tableStore(Store.java:81)
	at com.POS.PageObjects.Store.tableStore(Store.java:81)
	at com.POS.PageObjects.Store.tableStore(Store.java:81)
	at com.POS.PageObjects.Store.tableStore(Store.java:81)
	at com.POS.PageObjects.Store.tableStore(Store.java:81)
	at com.POS.PageObjects.Store.tableStore(Store.java:81)
	at com.POS.PageObjects.Store.tableStore(Store.java:81)
	at com.POS.PageObjects.Store.tableStore(Store.java:81)
	at com.POS.PageObjects.Store.tableStore(Store.java:81)
	at com.POS.PageObjects.Store.tableStore(Store.java:81)
	at com.POS.PageObjects.Store.tableStore(Store.java:81)
	at com.POS.PageObjects.Store.tableStore(Store.java:81)
	at com.POS.PageObjects.Store.tableStore(Store.java:81)
	at com.POS.PageObjects.Store.tableStore(Store.java:81)
	at com.POS.PageObjects.Store.tableStore(Store.java:81)
	at com.POS.PageObjects.Store.tableStore(Store.java:81)
	at com.POS.PageObjects.Store.tableStore(Store.java:81)
	at com.POS.PageObjects.Store.tableStore(Store.java:81)
	at com.POS.PageObjects.Store.tableStore(Store.java:81)
	at com.POS.PageObjects.Store.tableStore(Store.java:81)
	at com.POS.PageObjects.Store.tableStore(Store.java:81)
	at com.POS.PageObjects.Store.tableStore(Store.java:81)
	at com.POS.PageObjects.Store.tableStore(Store.java:81)
	at com.POS.PageObjects.Store.tableStore(Store.java:81)
	at com.POS.PageObjects.Store.tableStore(Store.java:81)
	at com.POS.PageObjects.Store.tableStore(Store.java:81)
	at com.POS.PageObjects.Store.tableStore(Store.java:81)
	at com.POS.PageObjects.Store.tableStore(Store.java:81)
	at com.POS.PageObjects.Store.tableStore(Store.java:81)
	at com.POS.PageObjects.Store.tableStore(Store.java:81)
	at com.POS.PageObjects.Store.tableStore(Store.java:81)
	at com.POS.PageObjects.Store.tableStore(Store.java:81)
	at com.POS.PageObjects.Store.tableStore(Store.java:81)
	at com.POS.PageObjects.Store.tableStore(Store.java:81)
	at com.POS.PageObjects.Store.tableStore(Store.java:81)
	at com.POS.PageObjects.Store.tableStore(Store.java:81)
	at com.POS.PageObjects.Store.tableStore(Store.java:81)
	at com.POS.PageObjects.Store.tableStore(Store.java:81)
	at com.POS.PageObjects.Store.tableStore(Store.java:81)
	at com.POS.PageObjects.Store.tableStore(Store.java:81)
	at com.POS.PageObjects.Store.tableStore(Store.java:81)
	at com.POS.PageObjects.Store.tableStore(Store.java:81)
	at com.POS.PageObjects.Store.tableStore(Store.java:81)
	at com.POS.PageObjects.Store.tableStore(Store.java:81)
	at com.POS.PageObjects.Store.tableStore(Store.java:81)
	at com.POS.PageObjects.Store.tableStore(Store.java:81)
	at com.POS.PageObjects.Store.tableStore(Store.java:81)
	at com.POS.PageObjects.Store.tableStore(Store.java:81)
	at com.POS.PageObjects.Store.tableStore(Store.java:81)
	at com.POS.PageObjects.Store.tableStore(Store.java:81)
	at com.POS.PageObjects.Store.tableStore(Store.java:81)
	at com.POS.PageObjects.Store.tableStore(Store.java:81)
	at com.POS.PageObjects.Store.tableStore(Store.java:81)
	at com.POS.PageObjects.Store.tableStore(Store.java:81)
	at com.POS.PageObjects.Store.tableStore(Store.java:81)
	at com.POS.PageObjects.Store.tableStore(Store.java:81)
	at com.POS.PageObjects.Store.tableStore(Store.java:81)
	at com.POS.PageObjects.Store.tableStore(Store.java:81)
	at com.POS.PageObjects.Store.tableStore(Store.java:81)
	at com.POS.PageObjects.Store.tableStore(Store.java:81)
	at com.POS.PageObjects.Store.tableStore(Store.java:81)
	at com.POS.PageObjects.Store.tableStore(Store.java:81)
	at com.POS.PageObjects.Store.tableStore(Store.java:81)
	at com.POS.PageObjects.Store.tableStore(Store.java:81)
	at com.POS.PageObjects.Store.tableStore(Store.java:81)
	at com.POS.PageObjects.Store.tableStore(Store.java:81)
	at com.POS.PageObjects.Store.tableStore(Store.java:81)
	at com.POS.PageObjects.Store.tableStore(Store.java:81)
	at com.POS.PageObjects.Store.tableStore(Store.java:81)
	at com.POS.PageObjects.Store.tableStore(Store.java:81)
	at com.POS.PageObjects.Store.tableStore(Store.java:81)
	at com.POS.PageObjects.Store.tableStore(Store.java:81)
	at com.POS.PageObjects.Store.tableStore(Store.java:81)
	at com.POS.PageObjects.Store.tableStore(Store.java:81)
	at com.POS.PageObjects.Store.tableStore(Store.java:81)
	at com.POS.PageObjects.Store.tableStore(Store.java:81)
	at com.POS.PageObjects.Store.tableStore(Store.java:81)
	at com.POS.PageObjects.Store.tableStore(Store.java:81)
	at com.POS.PageObjects.Store.tableStore(Store.java:81)
	at com.POS.PageObjects.Store.tableStore(Store.java:81)
	at com.POS.PageObjects.Store.tableStore(Store.java:81)
	at com.POS.PageObjects.Store.tableStore(Store.java:81)
	at com.POS.PageObjects.Store.tableStore(Store.java:81)
	at com.POS.PageObjects.Store.tableStore(Store.java:81)
	at com.POS.PageObjects.Store.tableStore(Store.java:81)
	at com.POS.PageObjects.Store.tableStore(Store.java:81)
	at com.POS.PageObjects.Store.tableStore(Store.java:81)
	at com.POS.PageObjects.Store.tableStore(Store.java:81)
	at com.POS.PageObjects.Store.tableStore(Store.java:81)
	at com.POS.PageObjects.Store.tableStore(Store.java:81)
	at com.POS.PageObjects.Store.tableStore(Store.java:81)
	at com.POS.PageObjects.Store.tableStore(Store.java:81)
	at com.POS.PageObjects.Store.tableStore(Store.java:81)
	at com.POS.PageObjects.Store.tableStore(Store.java:81)
	at com.POS.PageObjects.Store.tableStore(Store.java:81)
	at com.POS.PageObjects.Store.tableStore(Store.java:81)
	at com.POS.PageObjects.Store.tableStore(Store.java:81)
	at com.POS.PageObjects.Store.tableStore(Store.java:81)
	at com.POS.PageObjects.Store.tableStore(Store.java:81)
	at com.POS.PageObjects.Store.tableStore(Store.java:81)
	at com.POS.PageObjects.Store.tableStore(Store.java:81)
	at com.POS.PageObjects.Store.tableStore(Store.java:81)
	at com.POS.PageObjects.Store.tableStore(Store.java:81)
	at com.POS.PageObjects.Store.tableStore(Store.java:81)
	at com.POS.PageObjects.Store.tableStore(Store.java:81)
	at com.POS.PageObjects.Store.tableStore(Store.java:81)
	at com.POS.PageObjects.Store.tableStore(Store.java:81)
	at com.POS.PageObjects.Store.tableStore(Store.java:81)
	at com.POS.PageObjects.Store.tableStore(Store.java:81)
	at com.POS.PageObjects.Store.tableStore(Store.java:81)
	at com.POS.PageObjects.Store.tableStore(Store.java:81)
	at com.POS.PageObjects.Store.tableStore(Store.java:81)
	at com.POS.PageObjects.Store.tableStore(Store.java:81)
	at com.POS.PageObjects.Store.tableStore(Store.java:81)
	at com.POS.PageObjects.Store.tableStore(Store.java:81)
	at com.POS.PageObjects.Store.tableStore(Store.java:81)
	at com.POS.PageObjects.Store.tableStore(Store.java:81)
	at com.POS.PageObjects.Store.tableStore(Store.java:81)
	at com.POS.PageObjects.Store.tableStore(Store.java:81)
	at com.POS.PageObjects.Store.tableStore(Store.java:81)
	at com.POS.PageObjects.Store.tableStore(Store.java:81)
	at com.POS.PageObjects.Store.tableStore(Store.java:81)
	at com.POS.PageObjects.Store.tableStore(Store.java:81)
	at com.POS.PageObjects.Store.tableStore(Store.java:81)
	at com.POS.PageObjects.Store.tableStore(Store.java:81)
	at com.POS.PageObjects.Store.tableStore(Store.java:81)
	at com.POS.PageObjects.Store.tableStore(Store.java:81)
	at com.POS.PageObjects.Store.tableStore(Store.java:81)
	at com.POS.PageObjects.Store.tableStore(Store.java:81)
	at com.POS.PageObjects.Store.tableStore(Store.java:81)
	at com.POS.PageObjects.Store.tableStore(Store.java:81)
	at com.POS.PageObjects.Store.tableStore(Store.java:81)
	at com.POS.PageObjects.Store.tableStore(Store.java:81)
	at com.POS.PageObjects.Store.tableStore(Store.java:81)
	at com.POS.PageObjects.Store.tableStore(Store.java:81)
	at com.POS.PageObjects.Store.tableStore(Store.java:81)
	at com.POS.PageObjects.Store.tableStore(Store.java:81)
	at com.POS.PageObjects.Store.tableStore(Store.java:81)
	at com.POS.PageObjects.Store.tableStore(Store.java:81)
	at com.POS.PageObjects.Store.tableStore(Store.java:81)
	at com.POS.PageObjects.Store.tableStore(Store.java:81)
	at com.POS.PageObjects.Store.tableStore(Store.java:81)
	at com.POS.PageObjects.Store.tableStore(Store.java:81)
	at com.POS.PageObjects.Store.tableStore(Store.java:81)
	at com.POS.PageObjects.Store.tableStore(Store.java:81)
	at com.POS.PageObjects.Store.tableStore(Store.java:81)
	at com.POS.PageObjects.Store.tableStore(Store.java:81)
	at com.POS.PageObjects.Store.tableStore(Store.java:81)
	at com.POS.PageObjects.Store.tableStore(Store.java:81)
	at com.POS.PageObjects.Store.tableStore(Store.java:81)
	at com.POS.PageObjects.Store.tableStore(Store.java:81)
	at com.POS.PageObjects.Store.tableStore(Store.java:81)
	at com.POS.PageObjects.Store.tableStore(Store.java:81)
	at com.POS.PageObjects.Store.tableStore(Store.java:81)
	at com.POS.PageObjects.Store.tableStore(Store.java:81)
	at com.POS.PageObjects.Store.tableStore(Store.java:81)
	at com.POS.PageObjects.Store.tableStore(Store.java:81)
	at com.POS.PageObjects.Store.tableStore(Store.java:81)
	at com.POS.PageObjects.Store.tableStore(Store.java:81)
	at com.POS.PageObjects.Store.tableStore(Store.java:81)
	at com.POS.PageObjects.Store.tableStore(Store.java:81)
	at com.POS.PageObjects.Store.tableStore(Store.java:81)
	at com.POS.PageObjects.Store.tableStore(Store.java:81)
	at com.POS.PageObjects.Store.tableStore(Store.java:81)
	at com.POS.PageObjects.Store.tableStore(Store.java:81)
	at com.POS.PageObjects.Store.tableStore(Store.java:81)
	at com.POS.PageObjects.Store.tableStore(Store.java:81)
	at com.POS.PageObjects.Store.tableStore(Store.java:81)
	at com.POS.PageObjects.Store.tableStore(Store.java:81)
	at com.POS.PageObjects.Store.tableStore(Store.java:81)
	at com.POS.PageObjects.Store.tableStore(Store.java:81)
	at com.POS.PageObjects.Store.tableStore(Store.java:81)
	at com.POS.PageObjects.Store.tableStore(Store.java:81)
	at com.POS.PageObjects.Store.tableStore(Store.java:81)
	at com.POS.PageObjects.Store.tableStore(Store.java:81)
	at com.POS.PageObjects.Store.tableStore(Store.java:81)
	at com.POS.PageObjects.Store.tableStore(Store.java:81)
	at com.POS.PageObjects.Store.tableStore(Store.java:81)
	at com.POS.PageObjects.Store.tableStore(Store.java:81)
	at com.POS.PageObjects.Store.tableStore(Store.java:81)
	at com.POS.PageObjects.Store.tableStore(Store.java:81)
	at com.POS.PageObjects.Store.tableStore(Store.java:81)
	at com.POS.PageObjects.Store.tableStore(Store.java:81)
	at com.POS.PageObjects.Store.tableStore(Store.java:81)
	at com.POS.PageObjects.Store.tableStore(Store.java:81)
	at com.POS.PageObjects.Store.tableStore(Store.java:81)
	at com.POS.PageObjects.Store.tableStore(Store.java:81)
	at com.POS.PageObjects.Store.tableStore(Store.java:81)
	at com.POS.PageObjects.Store.tableStore(Store.java:81)
	at com.POS.PageObjects.Store.tableStore(Store.java:81)
	at com.POS.PageObjects.Store.tableStore(Store.java:81)
	at com.POS.PageObjects.Store.tableStore(Store.java:81)
	at com.POS.PageObjects.Store.tableStore(Store.java:81)
	at com.POS.PageObjects.Store.tableStore(Store.java:81)
	at com.POS.PageObjects.Store.tableStore(Store.java:81)
	at com.POS.PageObjects.Store.tableStore(Store.java:81)
	at com.POS.PageObjects.Store.tableStore(Store.java:81)
	at com.POS.PageObjects.Store.tableStore(Store.java:81)
	at com.POS.PageObjects.Store.tableStore(Store.java:81)
	at com.POS.PageObjects.Store.tableStore(Store.java:81)
	at com.POS.PageObjects.Store.tableStore(Store.java:81)
	at com.POS.PageObjects.Store.tableStore(Store.java:81)
	at com.POS.PageObjects.Store.tableStore(Store.java:81)
	at com.POS.PageObjects.Store.tableStore(Store.java:81)
	at com.POS.PageObjects.Store.tableStore(Store.java:81)
	at com.POS.PageObjects.Store.tableStore(Store.java:81)
	at com.POS.PageObjects.Store.tableStore(Store.java:81)
	at com.POS.PageObjects.Store.tableStore(Store.java:81)
	at com.POS.PageObjects.Store.tableStore(Store.java:81)
	at com.POS.PageObjects.Store.tableStore(Store.java:81)
	at com.POS.PageObjects.Store.tableStore(Store.java:81)
	at com.POS.PageObjects.Store.tableStore(Store.java:81)
	at com.POS.PageObjects.Store.tableStore(Store.java:81)
	at com.POS.PageObjects.Store.tableStore(Store.java:81)
	at com.POS.PageObjects.Store.tableStore(Store.java:81)
	at com.POS.PageObjects.Store.tableStore(Store.java:81)
	at com.POS.PageObjects.Store.tableStore(Store.java:81)
	at com.POS.PageObjects.Store.tableStore(Store.java:81)
	at com.POS.PageObjects.Store.tableStore(Store.java:81)
	at com.POS.PageObjects.Store.tableStore(Store.java:81)
	at com.POS.PageObjects.Store.tableStore(Store.java:81)
	at com.POS.PageObjects.Store.tableStore(Store.java:81)
	at com.POS.PageObjects.Store.tableStore(Store.java:81)
	at com.POS.PageObjects.Store.tableStore(Store.java:81)
	at com.POS.PageObjects.Store.tableStore(Store.java:81)
	at com.POS.PageObjects.Store.tableStore(Store.java:81)
	at com.POS.PageObjects.Store.tableStore(Store.java:81)
	at com.POS.PageObjects.Store.tableStore(Store.java:81)
	at com.POS.PageObjects.Store.tableStore(Store.java:81)
	at com.POS.PageObjects.Store.tableStore(Store.java:81)
	at com.POS.PageObjects.Store.tableStore(Store.java:81)
	at com.POS.PageObjects.Store.tableStore(Store.java:81)
	at com.POS.PageObjects.Store.tableStore(Store.java:81)
	at com.POS.PageObjects.Store.tableStore(Store.java:81)
	at com.POS.PageObjects.Store.tableStore(Store.java:81)
	at com.POS.PageObjects.Store.tableStore(Store.java:81)
	at com.POS.PageObjects.Store.tableStore(Store.java:81)
	at com.POS.PageObjects.Store.tableStore(Store.java:81)
	at com.POS.PageObjects.Store.tableStore(Store.java:81)
	at com.POS.PageObjects.Store.tableStore(Store.java:81)
	at com.POS.PageObjects.Store.tableStore(Store.java:81)
	at com.POS.PageObjects.Store.tableStore(Store.java:81)
	at com.POS.PageObjects.Store.tableStore(Store.java:81)
	at com.POS.PageObjects.Store.tableStore(Store.java:81)
	at com.POS.PageObjects.Store.tableStore(Store.java:81)
	at com.POS.PageObjects.Store.tableStore(Store.java:81)
	at com.POS.PageObjects.Store.tableStore(Store.java:81)
	at com.POS.PageObjects.Store.tableStore(Store.java:81)
	at com.POS.PageObjects.Store.tableStore(Store.java:81)
	at com.POS.PageObjects.Store.tableStore(Store.java:81)
	at com.POS.PageObjects.Store.tableStore(Store.java:81)
	at com.POS.PageObjects.Store.tableStore(Store.java:81)
	at com.POS.PageObjects.Store.tableStore(Store.java:81)
	at com.POS.PageObjects.Store.tableStore(Store.java:81)
	at com.POS.PageObjects.Store.tableStore(Store.java:81)
	at com.POS.PageObjects.Store.tableStore(Store.java:81)
	at com.POS.PageObjects.Store.tableStore(Store.java:81)
	at com.POS.PageObjects.Store.tableStore(Store.java:81)
	at com.POS.PageObjects.Store.tableStore(Store.java:81)
	at com.POS.PageObjects.Store.tableStore(Store.java:81)
	at com.POS.PageObjects.Store.tableStore(Store.java:81)
	at com.POS.PageObjects.Store.tableStore(Store.java:81)
	at com.POS.PageObjects.Store.tableStore(Store.java:81)
	at com.POS.PageObjects.Store.tableStore(Store.java:81)
	at com.POS.PageObjects.Store.tableStore(Store.java:81)
	at com.POS.PageObjects.Store.tableStore(Store.java:81)
	at com.POS.PageObjects.Store.tableStore(Store.java:81)
	at com.POS.PageObjects.Store.tableStore(Store.java:81)
	at com.POS.PageObjects.Store.tableStore(Store.java:81)
	at com.POS.PageObjects.Store.tableStore(Store.java:81)
	at com.POS.PageObjects.Store.tableStore(Store.java:81)
	at com.POS.PageObjects.Store.tableStore(Store.java:81)
	at com.POS.PageObjects.Store.tableStore(Store.java:81)
	at com.POS.PageObjects.Store.tableStore(Store.java:81)
	at com.POS.PageObjects.Store.tableStore(Store.java:81)
	at com.POS.PageObjects.Store.tableStore(Store.java:81)
	at com.POS.PageObjects.Store.tableStore(Store.java:81)
	at com.POS.PageObjects.Store.tableStore(Store.java:81)
	at com.POS.PageObjects.Store.tableStore(Store.java:81)
	at com.POS.PageObjects.Store.tableStore(Store.java:81)
	at com.POS.PageObjects.Store.tableStore(Store.java:81)
	at com.POS.PageObjects.Store.tableStore(Store.java:81)
	at com.POS.PageObjects.Store.tableStore(Store.java:81)
	at com.POS.PageObjects.Store.tableStore(Store.java:81)
	at com.POS.PageObjects.Store.tableStore(Store.java:81)
	at com.POS.PageObjects.Store.tableStore(Store.java:81)
	at com.POS.PageObjects.Store.tableStore(Store.java:81)
	at com.POS.PageObjects.Store.tableStore(Store.java:81)
	at com.POS.PageObjects.Store.tableStore(Store.java:81)
	at com.POS.PageObjects.Store.tableStore(Store.java:81)
	at com.POS.PageObjects.Store.tableStore(Store.java:81)
	at com.POS.PageObjects.Store.tableStore(Store.java:81)
	at com.POS.PageObjects.Store.tableStore(Store.java:81)
	at com.POS.PageObjects.Store.tableStore(Store.java:81)
	at com.POS.PageObjects.Store.tableStore(Store.java:81)
	at com.POS.PageObjects.Store.tableStore(Store.java:81)
	at com.POS.PageObjects.Store.tableStore(Store.java:81)
	at com.POS.PageObjects.Store.tableStore(Store.java:81)
	at com.POS.PageObjects.Store.tableStore(Store.java:81)
	at com.POS.PageObjects.Store.tableStore(Store.java:81)
	at com.POS.PageObjects.Store.tableStore(Store.java:81)
	at com.POS.PageObjects.Store.tableStore(Store.java:81)
	at com.POS.PageObjects.Store.tableStore(Store.java:81)
	at com.POS.PageObjects.Store.tableStore(Store.java:81)
	at com.POS.PageObjects.Store.tableStore(Store.java:81)
	at com.POS.PageObjects.Store.tableStore(Store.java:81)
	at com.POS.PageObjects.Store.tableStore(Store.java:81)
	at com.POS.PageObjects.Store.tableStore(Store.java:81)
	at com.POS.PageObjects.Store.tableStore(Store.java:81)
	at com.POS.PageObjects.Store.tableStore(Store.java:81)
	at com.POS.PageObjects.Store.tableStore(Store.java:81)
	at com.POS.PageObjects.Store.tableStore(Store.java:81)
	at com.POS.PageObjects.Store.tableStore(Store.java:81)
	at com.POS.PageObjects.Store.tableStore(Store.java:81)
	at com.POS.PageObjects.Store.tableStore(Store.java:81)
	at com.POS.PageObjects.Store.tableStore(Store.java:81)
	at com.POS.PageObjects.Store.tableStore(Store.java:81)
	at com.POS.PageObjects.Store.tableStore(Store.java:81)
	at com.POS.PageObjects.Store.tableStore(Store.java:81)
	at com.POS.PageObjects.Store.tableStore(Store.java:81)
	at com.POS.PageObjects.Store.tableStore(Store.java:81)
	at com.POS.PageObjects.Store.tableStore(Store.java:81)
	at com.POS.PageObjects.Store.tableStore(Store.java:81)
	at com.POS.PageObjects.Store.tableStore(Store.java:81)
	at com.POS.PageObjects.Store.tableStore(Store.java:81)
	at com.POS.PageObjects.Store.tableStore(Store.java:81)
	at com.POS.PageObjects.Store.tableStore(Store.java:81)
	at com.POS.PageObjects.Store.tableStore(Store.java:81)
	at com.POS.PageObjects.Store.tableStore(Store.java:81)
	at com.POS.PageObjects.Store.tableStore(Store.java:81)
	at com.POS.PageObjects.Store.tableStore(Store.java:81)
	at com.POS.PageObjects.Store.tableStore(Store.java:81)
	at com.POS.PageObjects.Store.tableStore(Store.java:81)
	at com.POS.PageObjects.Store.tableStore(Store.java:81)
	at com.POS.PageObjects.Store.tableStore(Store.java:81)
	at com.POS.PageObjects.Store.tableStore(Store.java:81)
	at com.POS.PageObjects.Store.tableStore(Store.java:81)
	at com.POS.PageObjects.Store.tableStore(Store.java:81)
	at com.POS.PageObjects.Store.tableStore(Store.java:81)
	at com.POS.PageObjects.Store.tableStore(Store.java:81)
	at com.POS.PageObjects.Store.tableStore(Store.java:81)
	at com.POS.PageObjects.Store.tableStore(Store.java:81)

